{"/home/halloizzudd/Documents/PBKK/its-hungry-hub/backend/src/app.controller.ts": {"path":"/home/halloizzudd/Documents/PBKK/its-hungry-hub/backend/src/app.controller.ts","statementMap":{"0":{"start":{"line":1,"column":0},"end":{"line":1,"column":49}},"1":{"start":{"line":2,"column":0},"end":{"line":2,"column":43}},"2":{"start":{"line":5,"column":7},"end":{"line":12,"column":null}},"3":{"start":{"line":6,"column":31},"end":{"line":6,"column":43}},"4":{"start":{"line":10,"column":4},"end":{"line":10,"column":38}},"5":{"start":{"line":5,"column":13},"end":{"line":5,"column":26}},"6":{"start":{"line":9,"column":2},"end":{"line":11,"column":null}},"7":{"start":{"line":5,"column":13},"end":{"line":12,"column":null}}},"fnMap":{"0":{"name":"(anonymous_2)","decl":{"start":{"line":6,"column":2},"end":{"line":6,"column":31}},"loc":{"start":{"line":6,"column":53},"end":{"line":6,"column":57}}},"1":{"name":"(anonymous_3)","decl":{"start":{"line":9,"column":2},"end":{"line":9,"column":10}},"loc":{"start":{"line":9,"column":10},"end":{"line":11,"column":3}}}},"branchMap":{"0":{"loc":{"start":{"line":6,"column":43},"end":{"line":6,"column":56}},"type":"cond-expr","locations":[{"start":{"line":6,"column":53},"end":{"line":6,"column":56}},{"start":{"line":6,"column":53},"end":{"line":6,"column":56}}]},"1":{"loc":{"start":{"line":6,"column":43},"end":{"line":6,"column":53}},"type":"binary-expr","locations":[{"start":{"line":6,"column":43},"end":{"line":6,"column":56}},{"start":{"line":6,"column":43},"end":{"line":6,"column":53}}]}},"s":{"0":1,"1":1,"2":1,"3":1,"4":1,"5":1,"6":1,"7":1},"f":{"0":1,"1":1},"b":{"0":[1,0],"1":[1,1]}}
,"/home/halloizzudd/Documents/PBKK/its-hungry-hub/backend/src/app.service.ts": {"path":"/home/halloizzudd/Documents/PBKK/its-hungry-hub/backend/src/app.service.ts","statementMap":{"0":{"start":{"line":1,"column":0},"end":{"line":1,"column":44}},"1":{"start":{"line":4,"column":7},"end":{"line":8,"column":null}},"2":{"start":{"line":6,"column":4},"end":{"line":6,"column":26}},"3":{"start":{"line":4,"column":13},"end":{"line":4,"column":23}},"4":{"start":{"line":4,"column":13},"end":{"line":8,"column":null}}},"fnMap":{"0":{"name":"(anonymous_1)","decl":{"start":{"line":5,"column":2},"end":{"line":5,"column":10}},"loc":{"start":{"line":5,"column":10},"end":{"line":7,"column":3}}}},"branchMap":{},"s":{"0":1,"1":1,"2":1,"3":1,"4":1},"f":{"0":1},"b":{}}
,"/home/halloizzudd/Documents/PBKK/its-hungry-hub/backend/src/auth/auth.controller.ts": {"path":"/home/halloizzudd/Documents/PBKK/its-hungry-hub/backend/src/auth/auth.controller.ts","statementMap":{"0":{"start":{"line":1,"column":0},"end":{"line":1,"column":101}},"1":{"start":{"line":2,"column":0},"end":{"line":2,"column":45}},"2":{"start":{"line":3,"column":0},"end":{"line":3,"column":62}},"3":{"start":{"line":4,"column":0},"end":{"line":4,"column":43}},"4":{"start":{"line":7,"column":7},"end":{"line":24,"column":null}},"5":{"start":{"line":8,"column":33},"end":{"line":8,"column":46}},"6":{"start":{"line":12,"column":8},"end":{"line":12,"column":46}},"7":{"start":{"line":18,"column":21},"end":{"line":18,"column":81}},"8":{"start":{"line":19,"column":8},"end":{"line":21,"column":9}},"9":{"start":{"line":20,"column":12},"end":{"line":20,"column":67}},"10":{"start":{"line":22,"column":8},"end":{"line":22,"column":44}},"11":{"start":{"line":7,"column":13},"end":{"line":7,"column":27}},"12":{"start":{"line":11,"column":10},"end":{"line":13,"column":null}},"13":{"start":{"line":17,"column":10},"end":{"line":23,"column":null}},"14":{"start":{"line":7,"column":13},"end":{"line":24,"column":null}}},"fnMap":{"0":{"name":"(anonymous_4)","decl":{"start":{"line":8,"column":4},"end":{"line":8,"column":33}},"loc":{"start":{"line":8,"column":57},"end":{"line":8,"column":62}}},"1":{"name":"(anonymous_5)","decl":{"start":{"line":11,"column":10},"end":{"line":11,"column":18}},"loc":{"start":{"line":11,"column":45},"end":{"line":13,"column":5}}},"2":{"name":"(anonymous_6)","decl":{"start":{"line":17,"column":10},"end":{"line":17,"column":15}},"loc":{"start":{"line":17,"column":37},"end":{"line":23,"column":5}}}},"branchMap":{"0":{"loc":{"start":{"line":19,"column":8},"end":{"line":21,"column":9}},"type":"if","locations":[{"start":{"line":19,"column":8},"end":{"line":21,"column":9}},{"start":{},"end":{}}]},"1":{"loc":{"start":{"line":11,"column":32},"end":{"line":11,"column":null}},"type":"cond-expr","locations":[{"start":{"line":11,"column":45},"end":{"line":11,"column":null}},{"start":{"line":11,"column":45},"end":{"line":11,"column":null}}]},"2":{"loc":{"start":{"line":11,"column":32},"end":{"line":11,"column":45}},"type":"binary-expr","locations":[{"start":{"line":11,"column":32},"end":{"line":11,"column":null}},{"start":{"line":11,"column":32},"end":{"line":11,"column":45}}]},"3":{"loc":{"start":{"line":17,"column":29},"end":{"line":17,"column":null}},"type":"cond-expr","locations":[{"start":{"line":17,"column":37},"end":{"line":17,"column":null}},{"start":{"line":17,"column":37},"end":{"line":17,"column":null}}]},"4":{"loc":{"start":{"line":17,"column":29},"end":{"line":17,"column":37}},"type":"binary-expr","locations":[{"start":{"line":17,"column":29},"end":{"line":17,"column":null}},{"start":{"line":17,"column":29},"end":{"line":17,"column":37}}]},"5":{"loc":{"start":{"line":8,"column":46},"end":{"line":8,"column":61}},"type":"cond-expr","locations":[{"start":{"line":8,"column":57},"end":{"line":8,"column":61}},{"start":{"line":8,"column":57},"end":{"line":8,"column":61}}]},"6":{"loc":{"start":{"line":8,"column":46},"end":{"line":8,"column":57}},"type":"binary-expr","locations":[{"start":{"line":8,"column":46},"end":{"line":8,"column":61}},{"start":{"line":8,"column":46},"end":{"line":8,"column":57}}]}},"s":{"0":1,"1":1,"2":1,"3":1,"4":1,"5":1,"6":26,"7":27,"8":27,"9":0,"10":27,"11":1,"12":1,"13":1,"14":1},"f":{"0":1,"1":26,"2":27},"b":{"0":[0,27],"1":[1,0],"2":[1,1],"3":[1,0],"4":[1,1],"5":[1,0],"6":[1,1]}}
,"/home/halloizzudd/Documents/PBKK/its-hungry-hub/backend/src/auth/auth.service.ts": {"path":"/home/halloizzudd/Documents/PBKK/its-hungry-hub/backend/src/auth/auth.service.ts","statementMap":{"0":{"start":{"line":1,"column":0},"end":{"line":1,"column":63}},"1":{"start":{"line":2,"column":0},"end":{"line":2,"column":33}},"2":{"start":{"line":3,"column":0},"end":{"line":3,"column":41}},"3":{"start":{"line":4,"column":0},"end":{"line":4,"column":51}},"4":{"start":{"line":6,"column":0},"end":{"line":6,"column":52}},"5":{"start":{"line":9,"column":7},"end":{"line":87,"column":null}},"6":{"start":{"line":11,"column":21},"end":{"line":11,"column":29}},"7":{"start":{"line":12,"column":21},"end":{"line":12,"column":33}},"8":{"start":{"line":13,"column":21},"end":{"line":13,"column":34}},"9":{"start":{"line":18,"column":23},"end":{"line":20,"column":6}},"10":{"start":{"line":21,"column":4},"end":{"line":23,"column":5}},"11":{"start":{"line":22,"column":6},"end":{"line":22,"column":58}},"12":{"start":{"line":26,"column":27},"end":{"line":26,"column":62}},"13":{"start":{"line":29,"column":17},"end":{"line":36,"column":6}},"14":{"start":{"line":39,"column":4},"end":{"line":39,"column":61}},"15":{"start":{"line":42,"column":4},"end":{"line":45,"column":6}},"16":{"start":{"line":50,"column":17},"end":{"line":52,"column":6}},"17":{"start":{"line":55,"column":4},"end":{"line":57,"column":5}},"18":{"start":{"line":56,"column":6},"end":{"line":56,"column":18}},"19":{"start":{"line":58,"column":4},"end":{"line":58,"column":16}},"20":{"start":{"line":63,"column":44},"end":{"line":63,"column":48}},"21":{"start":{"line":65,"column":4},"end":{"line":70,"column":5}},"22":{"start":{"line":66,"column":28},"end":{"line":68,"column":8}},"23":{"start":{"line":69,"column":6},"end":{"line":69,"column":77}},"24":{"start":{"line":72,"column":20},"end":{"line":78,"column":6}},"25":{"start":{"line":80,"column":4},"end":{"line":85,"column":6}},"26":{"start":{"line":9,"column":13},"end":{"line":9,"column":24}},"27":{"start":{"line":9,"column":13},"end":{"line":87,"column":null}}},"fnMap":{"0":{"name":"(anonymous_11)","decl":{"start":{"line":10,"column":2},"end":{"line":10,"column":null}},"loc":{"start":{"line":13,"column":45},"end":{"line":14,"column":7}}},"1":{"name":"(anonymous_12)","decl":{"start":{"line":16,"column":2},"end":{"line":16,"column":7}},"loc":{"start":{"line":16,"column":35},"end":{"line":46,"column":3}}},"2":{"name":"(anonymous_13)","decl":{"start":{"line":48,"column":2},"end":{"line":48,"column":7}},"loc":{"start":{"line":48,"column":48},"end":{"line":59,"column":3}}},"3":{"name":"(anonymous_14)","decl":{"start":{"line":61,"column":2},"end":{"line":61,"column":7}},"loc":{"start":{"line":61,"column":23},"end":{"line":86,"column":3}}}},"branchMap":{"0":{"loc":{"start":{"line":21,"column":4},"end":{"line":23,"column":5}},"type":"if","locations":[{"start":{"line":21,"column":4},"end":{"line":23,"column":5}},{"start":{},"end":{}}]},"1":{"loc":{"start":{"line":34,"column":14},"end":{"line":34,"column":36}},"type":"binary-expr","locations":[{"start":{"line":34,"column":14},"end":{"line":34,"column":22}},{"start":{"line":34,"column":26},"end":{"line":34,"column":36}}]},"2":{"loc":{"start":{"line":55,"column":4},"end":{"line":57,"column":5}},"type":"if","locations":[{"start":{"line":55,"column":4},"end":{"line":57,"column":5}},{"start":{},"end":{}}]},"3":{"loc":{"start":{"line":55,"column":8},"end":{"line":55,"column":61}},"type":"binary-expr","locations":[{"start":{"line":55,"column":8},"end":{"line":55,"column":13}},{"start":{"line":55,"column":17},"end":{"line":55,"column":61}}]},"4":{"loc":{"start":{"line":65,"column":4},"end":{"line":70,"column":5}},"type":"if","locations":[{"start":{"line":65,"column":4},"end":{"line":70,"column":5}},{"start":{},"end":{}}]},"5":{"loc":{"start":{"line":69,"column":27},"end":{"line":69,"column":76}},"type":"binary-expr","locations":[{"start":{"line":69,"column":27},"end":{"line":69,"column":60}},{"start":{"line":69,"column":64},"end":{"line":69,"column":76}}]},"6":{"loc":{"start":{"line":11,"column":29},"end":{"line":11,"column":null}},"type":"cond-expr","locations":[{"start":{"line":11,"column":42},"end":{"line":11,"column":null}},{"start":{"line":11,"column":42},"end":{"line":11,"column":null}}]},"7":{"loc":{"start":{"line":11,"column":29},"end":{"line":11,"column":42}},"type":"binary-expr","locations":[{"start":{"line":11,"column":29},"end":{"line":11,"column":null}},{"start":{"line":11,"column":29},"end":{"line":11,"column":42}}]},"8":{"loc":{"start":{"line":11,"column":42},"end":{"line":12,"column":null}},"type":"cond-expr","locations":[{"start":{"line":12,"column":43},"end":{"line":12,"column":null}},{"start":{"line":12,"column":43},"end":{"line":12,"column":null}}]},"9":{"loc":{"start":{"line":11,"column":42},"end":{"line":12,"column":43}},"type":"binary-expr","locations":[{"start":{"line":11,"column":42},"end":{"line":12,"column":null}},{"start":{"line":12,"column":33},"end":{"line":12,"column":43}}]},"10":{"loc":{"start":{"line":12,"column":43},"end":{"line":13,"column":null}},"type":"cond-expr","locations":[{"start":{"line":13,"column":45},"end":{"line":13,"column":null}},{"start":{"line":13,"column":45},"end":{"line":13,"column":null}}]},"11":{"loc":{"start":{"line":12,"column":43},"end":{"line":13,"column":45}},"type":"binary-expr","locations":[{"start":{"line":12,"column":43},"end":{"line":13,"column":null}},{"start":{"line":13,"column":34},"end":{"line":13,"column":45}}]}},"s":{"0":1,"1":1,"2":1,"3":1,"4":1,"5":1,"6":1,"7":1,"8":1,"9":26,"10":26,"11":0,"12":26,"13":26,"14":26,"15":26,"16":27,"17":27,"18":0,"19":27,"20":27,"21":27,"22":15,"23":15,"24":27,"25":27,"26":1,"27":1},"f":{"0":1,"1":26,"2":27,"3":27},"b":{"0":[0,26],"1":[26,0],"2":[0,27],"3":[27,27],"4":[15,12],"5":[15,13],"6":[1,0],"7":[1,1],"8":[1,0],"9":[1,1],"10":[1,0],"11":[1,1]}}
,"/home/halloizzudd/Documents/PBKK/its-hungry-hub/backend/src/auth/decorators/roles.decorator.ts": {"path":"/home/halloizzudd/Documents/PBKK/its-hungry-hub/backend/src/auth/decorators/roles.decorator.ts","statementMap":{"0":{"start":{"line":1,"column":0},"end":{"line":1,"column":45}},"1":{"start":{"line":3,"column":21},"end":{"line":3,"column":72}},"2":{"start":{"line":3,"column":45},"end":{"line":3,"column":72}},"3":{"start":{"line":3,"column":13},"end":{"line":3,"column":21}}},"fnMap":{"0":{"name":"(anonymous_0)","decl":{"start":{"line":3,"column":21},"end":{"line":3,"column":22}},"loc":{"start":{"line":3,"column":45},"end":{"line":3,"column":72}}}},"branchMap":{},"s":{"0":1,"1":1,"2":9,"3":1},"f":{"0":9},"b":{}}
,"/home/halloizzudd/Documents/PBKK/its-hungry-hub/backend/src/auth/guards/roles.guard.ts": {"path":"/home/halloizzudd/Documents/PBKK/its-hungry-hub/backend/src/auth/guards/roles.guard.ts","statementMap":{"0":{"start":{"line":1,"column":0},"end":{"line":1,"column":null}},"1":{"start":{"line":9,"column":0},"end":{"line":9,"column":41}},"2":{"start":{"line":12,"column":7},"end":{"line":37,"column":null}},"3":{"start":{"line":13,"column":31},"end":{"line":13,"column":42}},"4":{"start":{"line":16,"column":26},"end":{"line":18,"column":null}},"5":{"start":{"line":20,"column":4},"end":{"line":22,"column":5}},"6":{"start":{"line":21,"column":6},"end":{"line":21,"column":18}},"7":{"start":{"line":24,"column":20},"end":{"line":24,"column":55}},"8":{"start":{"line":25,"column":17},"end":{"line":25,"column":29}},"9":{"start":{"line":27,"column":4},"end":{"line":29,"column":5}},"10":{"start":{"line":28,"column":6},"end":{"line":28,"column":67}},"11":{"start":{"line":31,"column":4},"end":{"line":33,"column":5}},"12":{"start":{"line":32,"column":6},"end":{"line":32,"column":72}},"13":{"start":{"line":35,"column":4},"end":{"line":35,"column":16}},"14":{"start":{"line":12,"column":13},"end":{"line":12,"column":23}},"15":{"start":{"line":12,"column":13},"end":{"line":37,"column":null}}},"fnMap":{"0":{"name":"(anonymous_2)","decl":{"start":{"line":13,"column":2},"end":{"line":13,"column":31}},"loc":{"start":{"line":13,"column":51},"end":{"line":13,"column":55}}},"1":{"name":"(anonymous_3)","decl":{"start":{"line":15,"column":2},"end":{"line":15,"column":13}},"loc":{"start":{"line":15,"column":39},"end":{"line":36,"column":3}}}},"branchMap":{"0":{"loc":{"start":{"line":20,"column":4},"end":{"line":22,"column":5}},"type":"if","locations":[{"start":{"line":20,"column":4},"end":{"line":22,"column":5}},{"start":{},"end":{}}]},"1":{"loc":{"start":{"line":27,"column":4},"end":{"line":29,"column":5}},"type":"if","locations":[{"start":{"line":27,"column":4},"end":{"line":29,"column":5}},{"start":{},"end":{}}]},"2":{"loc":{"start":{"line":31,"column":4},"end":{"line":33,"column":5}},"type":"if","locations":[{"start":{"line":31,"column":4},"end":{"line":33,"column":5}},{"start":{},"end":{}}]},"3":{"loc":{"start":{"line":13,"column":42},"end":{"line":13,"column":54}},"type":"cond-expr","locations":[{"start":{"line":13,"column":51},"end":{"line":13,"column":54}},{"start":{"line":13,"column":51},"end":{"line":13,"column":54}}]},"4":{"loc":{"start":{"line":13,"column":42},"end":{"line":13,"column":51}},"type":"binary-expr","locations":[{"start":{"line":13,"column":42},"end":{"line":13,"column":54}},{"start":{"line":13,"column":42},"end":{"line":13,"column":51}}]}},"s":{"0":1,"1":1,"2":1,"3":2,"4":26,"5":26,"6":0,"7":26,"8":26,"9":26,"10":0,"11":26,"12":0,"13":26,"14":1,"15":1},"f":{"0":2,"1":26},"b":{"0":[0,26],"1":[0,26],"2":[0,26],"3":[1,0],"4":[1,1]}}
,"/home/halloizzudd/Documents/PBKK/its-hungry-hub/backend/src/auth/strategies/jwt.strategy.ts": {"path":"/home/halloizzudd/Documents/PBKK/its-hungry-hub/backend/src/auth/strategies/jwt.strategy.ts","statementMap":{"0":{"start":{"line":1,"column":0},"end":{"line":1,"column":44}},"1":{"start":{"line":2,"column":0},"end":{"line":2,"column":52}},"2":{"start":{"line":3,"column":0},"end":{"line":3,"column":52}},"3":{"start":{"line":5,"column":0},"end":{"line":5,"column":53}},"4":{"start":{"line":8,"column":7},"end":{"line":27,"column":null}},"5":{"start":{"line":10,"column":4},"end":{"line":14,"column":7}},"6":{"start":{"line":9,"column":31},"end":{"line":9,"column":39}},"7":{"start":{"line":18,"column":17},"end":{"line":20,"column":6}},"8":{"start":{"line":21,"column":4},"end":{"line":24,"column":5}},"9":{"start":{"line":22,"column":38},"end":{"line":22,"column":42}},"10":{"start":{"line":23,"column":6},"end":{"line":23,"column":20}},"11":{"start":{"line":25,"column":4},"end":{"line":25,"column":16}},"12":{"start":{"line":8,"column":13},"end":{"line":8,"column":24}},"13":{"start":{"line":8,"column":13},"end":{"line":27,"column":null}}},"fnMap":{"0":{"name":"(anonymous_2)","decl":{"start":{"line":9,"column":2},"end":{"line":9,"column":31}},"loc":{"start":{"line":9,"column":52},"end":{"line":15,"column":3}}},"1":{"name":"(anonymous_3)","decl":{"start":{"line":17,"column":2},"end":{"line":17,"column":7}},"loc":{"start":{"line":17,"column":36},"end":{"line":26,"column":3}}}},"branchMap":{"0":{"loc":{"start":{"line":21,"column":4},"end":{"line":24,"column":5}},"type":"if","locations":[{"start":{"line":21,"column":4},"end":{"line":24,"column":5}},{"start":{},"end":{}}]},"1":{"loc":{"start":{"line":9,"column":39},"end":{"line":9,"column":null}},"type":"cond-expr","locations":[{"start":{"line":9,"column":52},"end":{"line":9,"column":null}},{"start":{"line":9,"column":52},"end":{"line":9,"column":null}}]},"2":{"loc":{"start":{"line":9,"column":39},"end":{"line":9,"column":52}},"type":"binary-expr","locations":[{"start":{"line":9,"column":39},"end":{"line":9,"column":null}},{"start":{"line":9,"column":39},"end":{"line":9,"column":52}}]}},"s":{"0":1,"1":1,"2":1,"3":1,"4":1,"5":1,"6":1,"7":30,"8":30,"9":30,"10":30,"11":0,"12":1,"13":1},"f":{"0":1,"1":30},"b":{"0":[30,0],"1":[1,0],"2":[1,1]}}
,"/home/halloizzudd/Documents/PBKK/its-hungry-hub/backend/src/mail/mail.service.ts": {"path":"/home/halloizzudd/Documents/PBKK/its-hungry-hub/backend/src/mail/mail.service.ts","statementMap":{"0":{"start":{"line":1,"column":0},"end":{"line":1,"column":52}},"1":{"start":{"line":2,"column":0},"end":{"line":2,"column":41}},"2":{"start":{"line":3,"column":0},"end":{"line":3,"column":47}},"3":{"start":{"line":6,"column":24},"end":{"line":111,"column":null}},"4":{"start":{"line":8,"column":30},"end":{"line":8,"column":58}},"5":{"start":{"line":10,"column":24},"end":{"line":10,"column":39}},"6":{"start":{"line":11,"column":8},"end":{"line":19,"column":11}},"7":{"start":{"line":23,"column":24},"end":{"line":23,"column":61}},"8":{"start":{"line":24,"column":22},"end":{"line":24,"column":75}},"9":{"start":{"line":25,"column":21},"end":{"line":31,"column":10}},"10":{"start":{"line":32,"column":8},"end":{"line":32,"column":58}},"11":{"start":{"line":36,"column":24},"end":{"line":36,"column":61}},"12":{"start":{"line":37,"column":22},"end":{"line":37,"column":75}},"13":{"start":{"line":38,"column":21},"end":{"line":43,"column":10}},"14":{"start":{"line":44,"column":8},"end":{"line":44,"column":56}},"15":{"start":{"line":48,"column":24},"end":{"line":48,"column":57}},"16":{"start":{"line":49,"column":21},"end":{"line":52,"column":10}},"17":{"start":{"line":53,"column":8},"end":{"line":53,"column":58}},"18":{"start":{"line":57,"column":24},"end":{"line":57,"column":57}},"19":{"start":{"line":58,"column":21},"end":{"line":63,"column":10}},"20":{"start":{"line":64,"column":8},"end":{"line":64,"column":56}},"21":{"start":{"line":68,"column":24},"end":{"line":68,"column":59}},"22":{"start":{"line":69,"column":21},"end":{"line":75,"column":10}},"23":{"start":{"line":76,"column":8},"end":{"line":76,"column":54}},"24":{"start":{"line":80,"column":24},"end":{"line":80,"column":45}},"25":{"start":{"line":81,"column":21},"end":{"line":91,"column":10}},"26":{"start":{"line":92,"column":8},"end":{"line":92,"column":56}},"27":{"start":{"line":96,"column":8},"end":{"line":109,"column":9}},"28":{"start":{"line":97,"column":32},"end":{"line":102,"column":14}},"29":{"start":{"line":104,"column":25},"end":{"line":104,"column":69}},"30":{"start":{"line":105,"column":12},"end":{"line":105,"column":70}},"31":{"start":{"line":107,"column":12},"end":{"line":107,"column":76}},"32":{"start":{"line":6,"column":13},"end":{"line":6,"column":24}},"33":{"start":{"line":6,"column":13},"end":{"line":111,"column":null}}},"fnMap":{"0":{"name":"(anonymous_11)","decl":{"start":{"line":10,"column":4},"end":{"line":10,"column":24}},"loc":{"start":{"line":10,"column":52},"end":{"line":20,"column":5}}},"1":{"name":"(anonymous_12)","decl":{"start":{"line":22,"column":4},"end":{"line":22,"column":9}},"loc":{"start":{"line":22,"column":69},"end":{"line":33,"column":5}}},"2":{"name":"(anonymous_13)","decl":{"start":{"line":35,"column":4},"end":{"line":35,"column":9}},"loc":{"start":{"line":35,"column":63},"end":{"line":45,"column":5}}},"3":{"name":"(anonymous_14)","decl":{"start":{"line":47,"column":4},"end":{"line":47,"column":9}},"loc":{"start":{"line":47,"column":86},"end":{"line":54,"column":5}}},"4":{"name":"(anonymous_15)","decl":{"start":{"line":56,"column":4},"end":{"line":56,"column":9}},"loc":{"start":{"line":56,"column":92},"end":{"line":65,"column":5}}},"5":{"name":"(anonymous_16)","decl":{"start":{"line":67,"column":4},"end":{"line":67,"column":9}},"loc":{"start":{"line":67,"column":62},"end":{"line":77,"column":5}}},"6":{"name":"(anonymous_17)","decl":{"start":{"line":79,"column":4},"end":{"line":79,"column":9}},"loc":{"start":{"line":79,"column":68},"end":{"line":93,"column":5}}},"7":{"name":"(anonymous_18)","decl":{"start":{"line":95,"column":12},"end":{"line":95,"column":17}},"loc":{"start":{"line":95,"column":68},"end":{"line":110,"column":5}}}},"branchMap":{"0":{"loc":{"start":{"line":10,"column":39},"end":{"line":10,"column":null}},"type":"cond-expr","locations":[{"start":{"line":10,"column":52},"end":{"line":10,"column":null}},{"start":{"line":10,"column":52},"end":{"line":10,"column":null}}]},"1":{"loc":{"start":{"line":10,"column":39},"end":{"line":10,"column":52}},"type":"binary-expr","locations":[{"start":{"line":10,"column":39},"end":{"line":10,"column":null}},{"start":{"line":10,"column":39},"end":{"line":10,"column":52}}]}},"s":{"0":1,"1":1,"2":1,"3":1,"4":1,"5":1,"6":1,"7":2,"8":2,"9":2,"10":2,"11":2,"12":2,"13":2,"14":2,"15":0,"16":0,"17":0,"18":2,"19":2,"20":2,"21":26,"22":26,"23":26,"24":0,"25":0,"26":0,"27":32,"28":32,"29":32,"30":22,"31":0,"32":1,"33":1},"f":{"0":1,"1":2,"2":2,"3":0,"4":2,"5":26,"6":0,"7":32},"b":{"0":[1,0],"1":[1,1]}}
,"/home/halloizzudd/Documents/PBKK/its-hungry-hub/backend/src/orders/orders.controller.ts": {"path":"/home/halloizzudd/Documents/PBKK/its-hungry-hub/backend/src/orders/orders.controller.ts","statementMap":{"0":{"start":{"line":1,"column":0},"end":{"line":1,"column":null}},"1":{"start":{"line":14,"column":0},"end":{"line":14,"column":45}},"2":{"start":{"line":15,"column":0},"end":{"line":15,"column":59}},"3":{"start":{"line":16,"column":0},"end":{"line":16,"column":37}},"4":{"start":{"line":17,"column":0},"end":{"line":17,"column":66}},"5":{"start":{"line":18,"column":0},"end":{"line":18,"column":49}},"6":{"start":{"line":19,"column":0},"end":{"line":19,"column":56}},"7":{"start":{"line":20,"column":0},"end":{"line":20,"column":56}},"8":{"start":{"line":23,"column":7},"end":{"line":70,"column":null}},"9":{"start":{"line":24,"column":31},"end":{"line":24,"column":46}},"10":{"start":{"line":29,"column":4},"end":{"line":29,"column":66}},"11":{"start":{"line":35,"column":4},"end":{"line":35,"column":48}},"12":{"start":{"line":40,"column":4},"end":{"line":40,"column":43}},"13":{"start":{"line":45,"column":4},"end":{"line":45,"column":58}},"14":{"start":{"line":50,"column":4},"end":{"line":50,"column":42}},"15":{"start":{"line":67,"column":4},"end":{"line":67,"column":51}},"16":{"start":{"line":67,"column":15},"end":{"line":67,"column":51}},"17":{"start":{"line":68,"column":4},"end":{"line":68,"column":55}},"18":{"start":{"line":23,"column":13},"end":{"line":23,"column":29}},"19":{"start":{"line":28,"column":2},"end":{"line":30,"column":null}},"20":{"start":{"line":34,"column":2},"end":{"line":36,"column":null}},"21":{"start":{"line":39,"column":2},"end":{"line":41,"column":null}},"22":{"start":{"line":44,"column":2},"end":{"line":46,"column":null}},"23":{"start":{"line":49,"column":2},"end":{"line":51,"column":null}},"24":{"start":{"line":63,"column":2},"end":{"line":69,"column":null}},"25":{"start":{"line":23,"column":13},"end":{"line":70,"column":null}}},"fnMap":{"0":{"name":"(anonymous_4)","decl":{"start":{"line":24,"column":2},"end":{"line":24,"column":31}},"loc":{"start":{"line":24,"column":59},"end":{"line":24,"column":64}}},"1":{"name":"(anonymous_5)","decl":{"start":{"line":28,"column":2},"end":{"line":28,"column":8}},"loc":{"start":{"line":28,"column":63},"end":{"line":30,"column":3}}},"2":{"name":"(anonymous_6)","decl":{"start":{"line":34,"column":2},"end":{"line":34,"column":9}},"loc":{"start":{"line":34,"column":24},"end":{"line":36,"column":3}}},"3":{"name":"(anonymous_7)","decl":{"start":{"line":39,"column":2},"end":{"line":39,"column":9}},"loc":{"start":{"line":39,"column":33},"end":{"line":41,"column":3}}},"4":{"name":"(anonymous_8)","decl":{"start":{"line":44,"column":2},"end":{"line":44,"column":8}},"loc":{"start":{"line":44,"column":72},"end":{"line":46,"column":3}}},"5":{"name":"(anonymous_9)","decl":{"start":{"line":49,"column":2},"end":{"line":49,"column":8}},"loc":{"start":{"line":49,"column":32},"end":{"line":51,"column":3}}},"6":{"name":"(anonymous_10)","decl":{"start":{"line":63,"column":2},"end":{"line":63,"column":15}},"loc":{"start":{"line":65,"column":45},"end":{"line":69,"column":3}}}},"branchMap":{"0":{"loc":{"start":{"line":67,"column":4},"end":{"line":67,"column":51}},"type":"if","locations":[{"start":{"line":67,"column":4},"end":{"line":67,"column":51}},{"start":{},"end":{}}]},"1":{"loc":{"start":{"line":28,"column":49},"end":{"line":28,"column":null}},"type":"cond-expr","locations":[{"start":{"line":28,"column":63},"end":{"line":28,"column":null}},{"start":{"line":28,"column":63},"end":{"line":28,"column":null}}]},"2":{"loc":{"start":{"line":28,"column":49},"end":{"line":28,"column":63}},"type":"binary-expr","locations":[{"start":{"line":28,"column":49},"end":{"line":28,"column":null}},{"start":{"line":28,"column":49},"end":{"line":28,"column":63}}]},"3":{"loc":{"start":{"line":44,"column":58},"end":{"line":44,"column":null}},"type":"cond-expr","locations":[{"start":{"line":44,"column":72},"end":{"line":44,"column":null}},{"start":{"line":44,"column":72},"end":{"line":44,"column":null}}]},"4":{"loc":{"start":{"line":44,"column":58},"end":{"line":44,"column":72}},"type":"binary-expr","locations":[{"start":{"line":44,"column":58},"end":{"line":44,"column":null}},{"start":{"line":44,"column":58},"end":{"line":44,"column":72}}]},"5":{"loc":{"start":{"line":65,"column":26},"end":{"line":65,"column":null}},"type":"cond-expr","locations":[{"start":{"line":65,"column":45},"end":{"line":65,"column":null}},{"start":{"line":65,"column":45},"end":{"line":65,"column":null}}]},"6":{"loc":{"start":{"line":65,"column":26},"end":{"line":65,"column":45}},"type":"binary-expr","locations":[{"start":{"line":65,"column":26},"end":{"line":65,"column":34}},{"start":{"line":65,"column":33},"end":{"line":65,"column":41}},{"start":{"line":65,"column":40},"end":{"line":65,"column":45}}]},"7":{"loc":{"start":{"line":24,"column":46},"end":{"line":24,"column":63}},"type":"cond-expr","locations":[{"start":{"line":24,"column":59},"end":{"line":24,"column":63}},{"start":{"line":24,"column":59},"end":{"line":24,"column":63}}]},"8":{"loc":{"start":{"line":24,"column":46},"end":{"line":24,"column":59}},"type":"binary-expr","locations":[{"start":{"line":24,"column":46},"end":{"line":24,"column":63}},{"start":{"line":24,"column":46},"end":{"line":24,"column":59}}]}},"s":{"0":1,"1":1,"2":1,"3":1,"4":1,"5":1,"6":1,"7":1,"8":1,"9":1,"10":2,"11":0,"12":0,"13":0,"14":0,"15":1,"16":0,"17":1,"18":1,"19":1,"20":1,"21":1,"22":1,"23":1,"24":1,"25":1},"f":{"0":1,"1":2,"2":0,"3":0,"4":0,"5":0,"6":1},"b":{"0":[0,1],"1":[1,0],"2":[1,1],"3":[1,0],"4":[1,1],"5":[0,1],"6":[1,0,0],"7":[1,0],"8":[1,1]}}
,"/home/halloizzudd/Documents/PBKK/its-hungry-hub/backend/src/orders/orders.service.ts": {"path":"/home/halloizzudd/Documents/PBKK/its-hungry-hub/backend/src/orders/orders.service.ts","statementMap":{"0":{"start":{"line":1,"column":0},"end":{"line":1,"column":44}},"1":{"start":{"line":4,"column":0},"end":{"line":4,"column":50}},"2":{"start":{"line":6,"column":0},"end":{"line":6,"column":51}},"3":{"start":{"line":9,"column":7},"end":{"line":196,"column":null}},"4":{"start":{"line":10,"column":41},"end":{"line":10,"column":43}},"5":{"start":{"line":13,"column":12},"end":{"line":13,"column":20}},"6":{"start":{"line":14,"column":12},"end":{"line":14,"column":25}},"7":{"start":{"line":18,"column":43},"end":{"line":18,"column":57}},"8":{"start":{"line":21,"column":23},"end":{"line":21,"column":58}},"9":{"start":{"line":21,"column":43},"end":{"line":21,"column":57}},"10":{"start":{"line":22,"column":21},"end":{"line":24,"column":6}},"11":{"start":{"line":26,"column":4},"end":{"line":28,"column":5}},"12":{"start":{"line":27,"column":6},"end":{"line":27,"column":49}},"13":{"start":{"line":31,"column":22},"end":{"line":31,"column":23}},"14":{"start":{"line":32,"column":31},"end":{"line":32,"column":32}},"15":{"start":{"line":34,"column":27},"end":{"line":50,"column":6}},"16":{"start":{"line":35,"column":22},"end":{"line":35,"column":67}},"17":{"start":{"line":35,"column":43},"end":{"line":35,"column":66}},"18":{"start":{"line":37,"column":6},"end":{"line":39,"column":7}},"19":{"start":{"line":38,"column":8},"end":{"line":38,"column":71}},"20":{"start":{"line":41,"column":23},"end":{"line":41,"column":52}},"21":{"start":{"line":42,"column":6},"end":{"line":42,"column":30}},"22":{"start":{"line":43,"column":6},"end":{"line":43,"column":63}},"23":{"start":{"line":45,"column":6},"end":{"line":49,"column":8}},"24":{"start":{"line":54,"column":22},"end":{"line":61,"column":6}},"25":{"start":{"line":63,"column":16},"end":{"line":63,"column":26}},"26":{"start":{"line":64,"column":25},"end":{"line":64,"column":28}},"27":{"start":{"line":67,"column":4},"end":{"line":69,"column":5}},"28":{"start":{"line":68,"column":6},"end":{"line":68,"column":50}},"29":{"start":{"line":72,"column":29},"end":{"line":72,"column":94}},"30":{"start":{"line":75,"column":18},"end":{"line":92,"column":6}},"31":{"start":{"line":95,"column":4},"end":{"line":104,"column":5}},"32":{"start":{"line":96,"column":29},"end":{"line":99,"column":8}},"33":{"start":{"line":101,"column":6},"end":{"line":103,"column":7}},"34":{"start":{"line":102,"column":8},"end":{"line":102,"column":119}},"35":{"start":{"line":107,"column":4},"end":{"line":109,"column":5}},"36":{"start":{"line":108,"column":6},"end":{"line":108,"column":76}},"37":{"start":{"line":111,"column":4},"end":{"line":113,"column":5}},"38":{"start":{"line":112,"column":6},"end":{"line":112,"column":79}},"39":{"start":{"line":115,"column":4},"end":{"line":115,"column":17}},"40":{"start":{"line":119,"column":28},"end":{"line":119,"column":54}},"41":{"start":{"line":120,"column":4},"end":{"line":126,"column":7}},"42":{"start":{"line":130,"column":4},"end":{"line":164,"column":5}},"43":{"start":{"line":131,"column":28},"end":{"line":133,"column":8}},"44":{"start":{"line":135,"column":6},"end":{"line":137,"column":7}},"45":{"start":{"line":136,"column":8},"end":{"line":136,"column":18}},"46":{"start":{"line":139,"column":6},"end":{"line":150,"column":9}},"47":{"start":{"line":152,"column":6},"end":{"line":163,"column":9}},"48":{"start":{"line":168,"column":4},"end":{"line":175,"column":7}},"49":{"start":{"line":179,"column":18},"end":{"line":183,"column":6}},"50":{"start":{"line":186,"column":4},"end":{"line":188,"column":5}},"51":{"start":{"line":187,"column":6},"end":{"line":187,"column":113}},"52":{"start":{"line":190,"column":4},"end":{"line":190,"column":17}},"53":{"start":{"line":194,"column":4},"end":{"line":194,"column":48}},"54":{"start":{"line":9,"column":13},"end":{"line":9,"column":26}},"55":{"start":{"line":9,"column":13},"end":{"line":196,"column":null}}},"fnMap":{"0":{"name":"(anonymous_2)","decl":{"start":{"line":12,"column":2},"end":{"line":12,"column":null}},"loc":{"start":{"line":14,"column":36},"end":{"line":15,"column":7}}},"1":{"name":"(anonymous_3)","decl":{"start":{"line":17,"column":2},"end":{"line":17,"column":7}},"loc":{"start":{"line":17,"column":61},"end":{"line":116,"column":3}}},"2":{"name":"(anonymous_4)","decl":{"start":{"line":21,"column":33},"end":{"line":21,"column":34}},"loc":{"start":{"line":21,"column":43},"end":{"line":21,"column":57}}},"3":{"name":"(anonymous_5)","decl":{"start":{"line":34,"column":37},"end":{"line":34,"column":38}},"loc":{"start":{"line":34,"column":46},"end":{"line":50,"column":5}}},"4":{"name":"(anonymous_6)","decl":{"start":{"line":35,"column":36},"end":{"line":35,"column":37}},"loc":{"start":{"line":35,"column":43},"end":{"line":35,"column":66}}},"5":{"name":"(anonymous_7)","decl":{"start":{"line":118,"column":2},"end":{"line":118,"column":7}},"loc":{"start":{"line":118,"column":59},"end":{"line":127,"column":3}}},"6":{"name":"(anonymous_8)","decl":{"start":{"line":129,"column":2},"end":{"line":129,"column":7}},"loc":{"start":{"line":129,"column":25},"end":{"line":165,"column":3}}},"7":{"name":"(anonymous_9)","decl":{"start":{"line":167,"column":2},"end":{"line":167,"column":9}},"loc":{"start":{"line":167,"column":20},"end":{"line":176,"column":3}}},"8":{"name":"(anonymous_10)","decl":{"start":{"line":178,"column":2},"end":{"line":178,"column":7}},"loc":{"start":{"line":178,"column":57},"end":{"line":191,"column":3}}},"9":{"name":"(anonymous_11)","decl":{"start":{"line":193,"column":2},"end":{"line":193,"column":8}},"loc":{"start":{"line":193,"column":19},"end":{"line":195,"column":3}}}},"branchMap":{"0":{"loc":{"start":{"line":26,"column":4},"end":{"line":28,"column":5}},"type":"if","locations":[{"start":{"line":26,"column":4},"end":{"line":28,"column":5}},{"start":{},"end":{}}]},"1":{"loc":{"start":{"line":37,"column":6},"end":{"line":39,"column":7}},"type":"if","locations":[{"start":{"line":37,"column":6},"end":{"line":39,"column":7}},{"start":{},"end":{}}]},"2":{"loc":{"start":{"line":67,"column":4},"end":{"line":69,"column":5}},"type":"if","locations":[{"start":{"line":67,"column":4},"end":{"line":69,"column":5}},{"start":{},"end":{}}]},"3":{"loc":{"start":{"line":67,"column":8},"end":{"line":67,"column":83}},"type":"binary-expr","locations":[{"start":{"line":67,"column":8},"end":{"line":67,"column":17}},{"start":{"line":67,"column":21},"end":{"line":67,"column":47}},{"start":{"line":67,"column":51},"end":{"line":67,"column":83}}]},"4":{"loc":{"start":{"line":101,"column":6},"end":{"line":103,"column":7}},"type":"if","locations":[{"start":{"line":101,"column":6},"end":{"line":103,"column":7}},{"start":{},"end":{}}]},"5":{"loc":{"start":{"line":101,"column":10},"end":{"line":101,"column":86}},"type":"binary-expr","locations":[{"start":{"line":101,"column":10},"end":{"line":101,"column":57}},{"start":{"line":101,"column":61},"end":{"line":101,"column":86}}]},"6":{"loc":{"start":{"line":107,"column":4},"end":{"line":109,"column":5}},"type":"if","locations":[{"start":{"line":107,"column":4},"end":{"line":109,"column":5}},{"start":{},"end":{}}]},"7":{"loc":{"start":{"line":107,"column":8},"end":{"line":107,"column":38}},"type":"binary-expr","locations":[{"start":{"line":107,"column":8},"end":{"line":107,"column":18}},{"start":{"line":107,"column":22},"end":{"line":107,"column":38}}]},"8":{"loc":{"start":{"line":111,"column":4},"end":{"line":113,"column":5}},"type":"if","locations":[{"start":{"line":111,"column":4},"end":{"line":113,"column":5}},{"start":{},"end":{}}]},"9":{"loc":{"start":{"line":130,"column":4},"end":{"line":164,"column":5}},"type":"if","locations":[{"start":{"line":130,"column":4},"end":{"line":164,"column":5}},{"start":{"line":151,"column":11},"end":{"line":164,"column":5}}]},"10":{"loc":{"start":{"line":135,"column":6},"end":{"line":137,"column":7}},"type":"if","locations":[{"start":{"line":135,"column":6},"end":{"line":137,"column":7}},{"start":{},"end":{}}]},"11":{"loc":{"start":{"line":186,"column":4},"end":{"line":188,"column":5}},"type":"if","locations":[{"start":{"line":186,"column":4},"end":{"line":188,"column":5}},{"start":{},"end":{}}]},"12":{"loc":{"start":{"line":186,"column":8},"end":{"line":186,"column":63}},"type":"binary-expr","locations":[{"start":{"line":186,"column":8},"end":{"line":186,"column":18}},{"start":{"line":186,"column":22},"end":{"line":186,"column":38}},{"start":{"line":186,"column":42},"end":{"line":186,"column":63}}]},"13":{"loc":{"start":{"line":13,"column":20},"end":{"line":13,"column":null}},"type":"cond-expr","locations":[{"start":{"line":13,"column":33},"end":{"line":13,"column":null}},{"start":{"line":13,"column":33},"end":{"line":13,"column":null}}]},"14":{"loc":{"start":{"line":13,"column":20},"end":{"line":13,"column":33}},"type":"binary-expr","locations":[{"start":{"line":13,"column":20},"end":{"line":13,"column":null}},{"start":{"line":13,"column":20},"end":{"line":13,"column":33}}]},"15":{"loc":{"start":{"line":13,"column":33},"end":{"line":14,"column":null}},"type":"cond-expr","locations":[{"start":{"line":14,"column":36},"end":{"line":14,"column":null}},{"start":{"line":14,"column":36},"end":{"line":14,"column":null}}]},"16":{"loc":{"start":{"line":13,"column":33},"end":{"line":14,"column":36}},"type":"binary-expr","locations":[{"start":{"line":13,"column":33},"end":{"line":14,"column":null}},{"start":{"line":14,"column":25},"end":{"line":14,"column":36}}]}},"s":{"0":1,"1":1,"2":1,"3":1,"4":1,"5":1,"6":1,"7":2,"8":2,"9":2,"10":2,"11":2,"12":0,"13":2,"14":2,"15":2,"16":2,"17":2,"18":2,"19":0,"20":2,"21":2,"22":2,"23":2,"24":2,"25":2,"26":2,"27":2,"28":0,"29":2,"30":2,"31":2,"32":2,"33":2,"34":2,"35":2,"36":2,"37":2,"38":2,"39":2,"40":1,"41":1,"42":0,"43":0,"44":0,"45":0,"46":0,"47":0,"48":0,"49":0,"50":0,"51":0,"52":0,"53":0,"54":1,"55":1},"f":{"0":1,"1":2,"2":2,"3":2,"4":2,"5":1,"6":0,"7":0,"8":0,"9":0},"b":{"0":[0,2],"1":[0,2],"2":[0,2],"3":[2,0,0],"4":[2,0],"5":[2,2],"6":[2,0],"7":[2,2],"8":[2,0],"9":[0,0],"10":[0,0],"11":[0,0],"12":[0,0,0],"13":[1,0],"14":[1,1],"15":[1,0],"16":[1,1]}}
,"/home/halloizzudd/Documents/PBKK/its-hungry-hub/backend/src/products/products.controller.ts": {"path":"/home/halloizzudd/Documents/PBKK/its-hungry-hub/backend/src/products/products.controller.ts","statementMap":{"0":{"start":{"line":1,"column":0},"end":{"line":1,"column":null}},"1":{"start":{"line":15,"column":0},"end":{"line":15,"column":45}},"2":{"start":{"line":16,"column":0},"end":{"line":16,"column":57}},"3":{"start":{"line":17,"column":0},"end":{"line":17,"column":60}},"4":{"start":{"line":18,"column":0},"end":{"line":18,"column":60}},"5":{"start":{"line":19,"column":0},"end":{"line":19,"column":37}},"6":{"start":{"line":20,"column":0},"end":{"line":20,"column":31}},"7":{"start":{"line":21,"column":0},"end":{"line":21,"column":53}},"8":{"start":{"line":22,"column":0},"end":{"line":22,"column":60}},"9":{"start":{"line":23,"column":0},"end":{"line":23,"column":60}},"10":{"start":{"line":25,"column":21},"end":{"line":25,"column":37}},"11":{"start":{"line":28,"column":7},"end":{"line":112,"column":null}},"12":{"start":{"line":29,"column":31},"end":{"line":29,"column":48}},"13":{"start":{"line":50,"column":4},"end":{"line":50,"column":75}},"14":{"start":{"line":62,"column":4},"end":{"line":69,"column":7}},"15":{"start":{"line":76,"column":4},"end":{"line":76,"column":61}},"16":{"start":{"line":80,"column":4},"end":{"line":80,"column":45}},"17":{"start":{"line":103,"column":4},"end":{"line":103,"column":80}},"18":{"start":{"line":110,"column":4},"end":{"line":110,"column":54}},"19":{"start":{"line":28,"column":13},"end":{"line":28,"column":31}},"20":{"start":{"line":45,"column":2},"end":{"line":51,"column":null}},"21":{"start":{"line":39,"column":31},"end":{"line":39,"column":81}},"22":{"start":{"line":40,"column":10},"end":{"line":40,"column":67}},"23":{"start":{"line":54,"column":2},"end":{"line":70,"column":null}},"24":{"start":{"line":75,"column":2},"end":{"line":77,"column":null}},"25":{"start":{"line":79,"column":2},"end":{"line":81,"column":null}},"26":{"start":{"line":97,"column":2},"end":{"line":104,"column":null}},"27":{"start":{"line":91,"column":31},"end":{"line":91,"column":81}},"28":{"start":{"line":92,"column":10},"end":{"line":92,"column":67}},"29":{"start":{"line":109,"column":2},"end":{"line":111,"column":null}},"30":{"start":{"line":28,"column":13},"end":{"line":112,"column":null}}},"fnMap":{"0":{"name":"(anonymous_4)","decl":{"start":{"line":29,"column":2},"end":{"line":29,"column":31}},"loc":{"start":{"line":29,"column":63},"end":{"line":29,"column":68}}},"1":{"name":"(anonymous_5)","decl":{"start":{"line":45,"column":2},"end":{"line":45,"column":8}},"loc":{"start":{"line":48,"column":18},"end":{"line":51,"column":3}}},"2":{"name":"(anonymous_6)","decl":{"start":{"line":54,"column":2},"end":{"line":54,"column":9}},"loc":{"start":{"line":60,"column":34},"end":{"line":70,"column":3}}},"3":{"name":"(anonymous_7)","decl":{"start":{"line":75,"column":2},"end":{"line":75,"column":19}},"loc":{"start":{"line":75,"column":34},"end":{"line":77,"column":3}}},"4":{"name":"(anonymous_8)","decl":{"start":{"line":79,"column":2},"end":{"line":79,"column":9}},"loc":{"start":{"line":79,"column":33},"end":{"line":81,"column":3}}},"5":{"name":"(anonymous_9)","decl":{"start":{"line":97,"column":2},"end":{"line":97,"column":8}},"loc":{"start":{"line":101,"column":18},"end":{"line":104,"column":3}}},"6":{"name":"(anonymous_10)","decl":{"start":{"line":109,"column":2},"end":{"line":109,"column":8}},"loc":{"start":{"line":109,"column":48},"end":{"line":111,"column":3}}},"7":{"name":"(anonymous_11)","decl":{"start":{"line":38,"column":18},"end":{"line":38,"column":19}},"loc":{"start":{"line":38,"column":36},"end":{"line":41,"column":9}}},"8":{"name":"(anonymous_12)","decl":{"start":{"line":90,"column":18},"end":{"line":90,"column":19}},"loc":{"start":{"line":90,"column":36},"end":{"line":93,"column":9}}}},"branchMap":{"0":{"loc":{"start":{"line":65,"column":16},"end":{"line":65,"column":55}},"type":"cond-expr","locations":[{"start":{"line":65,"column":27},"end":{"line":65,"column":43}},{"start":{"line":65,"column":46},"end":{"line":65,"column":55}}]},"1":{"loc":{"start":{"line":66,"column":16},"end":{"line":66,"column":55}},"type":"cond-expr","locations":[{"start":{"line":66,"column":27},"end":{"line":66,"column":43}},{"start":{"line":66,"column":46},"end":{"line":66,"column":55}}]},"2":{"loc":{"start":{"line":67,"column":12},"end":{"line":67,"column":35}},"type":"cond-expr","locations":[{"start":{"line":67,"column":19},"end":{"line":67,"column":31}},{"start":{"line":67,"column":34},"end":{"line":67,"column":35}}]},"3":{"loc":{"start":{"line":68,"column":13},"end":{"line":68,"column":39}},"type":"cond-expr","locations":[{"start":{"line":68,"column":21},"end":{"line":68,"column":34}},{"start":{"line":68,"column":37},"end":{"line":68,"column":39}}]},"4":{"loc":{"start":{"line":46,"column":30},"end":{"line":46,"column":null}},"type":"cond-expr","locations":[{"start":{"line":46,"column":46},"end":{"line":46,"column":null}},{"start":{"line":46,"column":46},"end":{"line":46,"column":null}}]},"5":{"loc":{"start":{"line":46,"column":30},"end":{"line":46,"column":46}},"type":"binary-expr","locations":[{"start":{"line":46,"column":30},"end":{"line":46,"column":null}},{"start":{"line":46,"column":30},"end":{"line":46,"column":46}}]},"6":{"loc":{"start":{"line":46,"column":46},"end":{"line":47,"column":55}},"type":"cond-expr","locations":[{"start":{"line":47,"column":34},"end":{"line":47,"column":55}},{"start":{"line":47,"column":34},"end":{"line":47,"column":55}}]},"7":{"loc":{"start":{"line":46,"column":46},"end":{"line":47,"column":34}},"type":"binary-expr","locations":[{"start":{"line":46,"column":46},"end":{"line":47,"column":55}},{"start":{"line":47,"column":29},"end":{"line":47,"column":34}}]},"8":{"loc":{"start":{"line":99,"column":30},"end":{"line":99,"column":null}},"type":"cond-expr","locations":[{"start":{"line":99,"column":46},"end":{"line":99,"column":null}},{"start":{"line":99,"column":46},"end":{"line":99,"column":null}}]},"9":{"loc":{"start":{"line":99,"column":30},"end":{"line":99,"column":46}},"type":"binary-expr","locations":[{"start":{"line":99,"column":30},"end":{"line":99,"column":null}},{"start":{"line":99,"column":30},"end":{"line":99,"column":46}}]},"10":{"loc":{"start":{"line":99,"column":46},"end":{"line":100,"column":55}},"type":"cond-expr","locations":[{"start":{"line":100,"column":34},"end":{"line":100,"column":55}},{"start":{"line":100,"column":34},"end":{"line":100,"column":55}}]},"11":{"loc":{"start":{"line":99,"column":46},"end":{"line":100,"column":34}},"type":"binary-expr","locations":[{"start":{"line":99,"column":46},"end":{"line":100,"column":55}},{"start":{"line":100,"column":29},"end":{"line":100,"column":34}}]},"12":{"loc":{"start":{"line":29,"column":48},"end":{"line":29,"column":67}},"type":"cond-expr","locations":[{"start":{"line":29,"column":63},"end":{"line":29,"column":67}},{"start":{"line":29,"column":63},"end":{"line":29,"column":67}}]},"13":{"loc":{"start":{"line":29,"column":48},"end":{"line":29,"column":63}},"type":"binary-expr","locations":[{"start":{"line":29,"column":48},"end":{"line":29,"column":67}},{"start":{"line":29,"column":48},"end":{"line":29,"column":63}}]}},"s":{"0":1,"1":1,"2":1,"3":1,"4":1,"5":1,"6":1,"7":1,"8":1,"9":1,"10":1,"11":1,"12":1,"13":7,"14":1,"15":0,"16":0,"17":2,"18":1,"19":1,"20":1,"21":5,"22":5,"23":1,"24":1,"25":1,"26":1,"27":0,"28":0,"29":1,"30":1},"f":{"0":1,"1":7,"2":1,"3":0,"4":0,"5":2,"6":1,"7":5,"8":0},"b":{"0":[0,1],"1":[0,1],"2":[0,1],"3":[0,1],"4":[1,0],"5":[1,1],"6":[1,0],"7":[1,1],"8":[1,0],"9":[1,1],"10":[1,0],"11":[1,1],"12":[1,0],"13":[1,1]}}
,"/home/halloizzudd/Documents/PBKK/its-hungry-hub/backend/src/products/products.service.ts": {"path":"/home/halloizzudd/Documents/PBKK/its-hungry-hub/backend/src/products/products.service.ts","statementMap":{"0":{"start":{"line":1,"column":0},"end":{"line":1,"column":85}},"1":{"start":{"line":4,"column":0},"end":{"line":4,"column":50}},"2":{"start":{"line":5,"column":0},"end":{"line":5,"column":51}},"3":{"start":{"line":8,"column":7},"end":{"line":203,"column":null}},"4":{"start":{"line":10,"column":21},"end":{"line":10,"column":29}},"5":{"start":{"line":11,"column":21},"end":{"line":11,"column":34}},"6":{"start":{"line":16,"column":19},"end":{"line":18,"column":6}},"7":{"start":{"line":20,"column":4},"end":{"line":22,"column":5}},"8":{"start":{"line":21,"column":6},"end":{"line":21,"column":93}},"9":{"start":{"line":25,"column":73},"end":{"line":25,"column":89}},"10":{"start":{"line":29,"column":34},"end":{"line":29,"column":38}},"11":{"start":{"line":30,"column":4},"end":{"line":32,"column":5}},"12":{"start":{"line":31,"column":6},"end":{"line":31,"column":49}},"13":{"start":{"line":34,"column":30},"end":{"line":36,"column":7}},"14":{"start":{"line":34,"column":52},"end":{"line":36,"column":6}},"15":{"start":{"line":38,"column":4},"end":{"line":56,"column":7}},"16":{"start":{"line":67,"column":66},"end":{"line":67,"column":72}},"17":{"start":{"line":68,"column":17},"end":{"line":68,"column":35}},"18":{"start":{"line":70,"column":23},"end":{"line":70,"column":25}},"19":{"start":{"line":72,"column":4},"end":{"line":78,"column":5}},"20":{"start":{"line":73,"column":6},"end":{"line":77,"column":8}},"21":{"start":{"line":80,"column":4},"end":{"line":82,"column":5}},"22":{"start":{"line":81,"column":6},"end":{"line":81,"column":32}},"23":{"start":{"line":84,"column":4},"end":{"line":88,"column":5}},"24":{"start":{"line":85,"column":6},"end":{"line":85,"column":23}},"25":{"start":{"line":86,"column":6},"end":{"line":86,"column":47}},"26":{"start":{"line":86,"column":20},"end":{"line":86,"column":47}},"27":{"start":{"line":87,"column":6},"end":{"line":87,"column":47}},"28":{"start":{"line":87,"column":20},"end":{"line":87,"column":47}},"29":{"start":{"line":90,"column":26},"end":{"line":102,"column":6}},"30":{"start":{"line":104,"column":4},"end":{"line":112,"column":6}},"31":{"start":{"line":116,"column":19},"end":{"line":118,"column":6}},"32":{"start":{"line":120,"column":4},"end":{"line":122,"column":5}},"33":{"start":{"line":121,"column":6},"end":{"line":121,"column":64}},"34":{"start":{"line":124,"column":4},"end":{"line":130,"column":7}},"35":{"start":{"line":134,"column":4},"end":{"line":137,"column":7}},"36":{"start":{"line":141,"column":28},"end":{"line":144,"column":6}},"37":{"start":{"line":146,"column":4},"end":{"line":148,"column":5}},"38":{"start":{"line":147,"column":6},"end":{"line":147,"column":57}},"39":{"start":{"line":150,"column":4},"end":{"line":152,"column":5}},"40":{"start":{"line":151,"column":6},"end":{"line":151,"column":84}},"41":{"start":{"line":154,"column":22},"end":{"line":154,"column":45}},"42":{"start":{"line":157,"column":4},"end":{"line":159,"column":5}},"43":{"start":{"line":158,"column":6},"end":{"line":158,"column":54}},"44":{"start":{"line":161,"column":20},"end":{"line":167,"column":6}},"45":{"start":{"line":169,"column":4},"end":{"line":178,"column":5}},"46":{"start":{"line":170,"column":32},"end":{"line":173,"column":9}},"47":{"start":{"line":170,"column":54},"end":{"line":173,"column":8}},"48":{"start":{"line":175,"column":6},"end":{"line":177,"column":9}},"49":{"start":{"line":180,"column":4},"end":{"line":182,"column":5}},"50":{"start":{"line":181,"column":6},"end":{"line":181,"column":105}},"51":{"start":{"line":184,"column":4},"end":{"line":184,"column":19}},"52":{"start":{"line":188,"column":28},"end":{"line":191,"column":6}},"53":{"start":{"line":193,"column":4},"end":{"line":195,"column":5}},"54":{"start":{"line":194,"column":6},"end":{"line":194,"column":57}},"55":{"start":{"line":197,"column":4},"end":{"line":199,"column":5}},"56":{"start":{"line":198,"column":6},"end":{"line":198,"column":84}},"57":{"start":{"line":201,"column":4},"end":{"line":201,"column":57}},"58":{"start":{"line":8,"column":13},"end":{"line":8,"column":28}},"59":{"start":{"line":8,"column":13},"end":{"line":203,"column":null}}},"fnMap":{"0":{"name":"(anonymous_2)","decl":{"start":{"line":9,"column":2},"end":{"line":9,"column":null}},"loc":{"start":{"line":11,"column":45},"end":{"line":12,"column":7}}},"1":{"name":"(anonymous_3)","decl":{"start":{"line":14,"column":2},"end":{"line":14,"column":7}},"loc":{"start":{"line":14,"column":88},"end":{"line":57,"column":3}}},"2":{"name":"(anonymous_4)","decl":{"start":{"line":34,"column":41},"end":{"line":34,"column":42}},"loc":{"start":{"line":34,"column":52},"end":{"line":36,"column":6}}},"3":{"name":"(anonymous_5)","decl":{"start":{"line":59,"column":2},"end":{"line":59,"column":7}},"loc":{"start":{"line":66,"column":3},"end":{"line":113,"column":3}}},"4":{"name":"(anonymous_6)","decl":{"start":{"line":115,"column":2},"end":{"line":115,"column":7}},"loc":{"start":{"line":115,"column":52},"end":{"line":131,"column":3}}},"5":{"name":"(anonymous_7)","decl":{"start":{"line":133,"column":2},"end":{"line":133,"column":7}},"loc":{"start":{"line":133,"column":26},"end":{"line":138,"column":3}}},"6":{"name":"(anonymous_8)","decl":{"start":{"line":140,"column":2},"end":{"line":140,"column":7}},"loc":{"start":{"line":140,"column":113},"end":{"line":185,"column":3}}},"7":{"name":"(anonymous_9)","decl":{"start":{"line":170,"column":43},"end":{"line":170,"column":44}},"loc":{"start":{"line":170,"column":54},"end":{"line":173,"column":8}}},"8":{"name":"(anonymous_10)","decl":{"start":{"line":187,"column":2},"end":{"line":187,"column":7}},"loc":{"start":{"line":187,"column":36},"end":{"line":202,"column":3}}}},"branchMap":{"0":{"loc":{"start":{"line":14,"column":49},"end":{"line":14,"column":88}},"type":"default-arg","locations":[{"start":{"line":14,"column":86},"end":{"line":14,"column":88}}]},"1":{"loc":{"start":{"line":20,"column":4},"end":{"line":22,"column":5}},"type":"if","locations":[{"start":{"line":20,"column":4},"end":{"line":22,"column":5}},{"start":{},"end":{}}]},"2":{"loc":{"start":{"line":30,"column":4},"end":{"line":32,"column":5}},"type":"if","locations":[{"start":{"line":30,"column":4},"end":{"line":32,"column":5}},{"start":{},"end":{}}]},"3":{"loc":{"start":{"line":46,"column":25},"end":{"line":46,"column":38}},"type":"binary-expr","locations":[{"start":{"line":46,"column":25},"end":{"line":46,"column":33}},{"start":{"line":46,"column":37},"end":{"line":46,"column":38}}]},"4":{"loc":{"start":{"line":72,"column":4},"end":{"line":78,"column":5}},"type":"if","locations":[{"start":{"line":72,"column":4},"end":{"line":78,"column":5}},{"start":{},"end":{}}]},"5":{"loc":{"start":{"line":80,"column":4},"end":{"line":82,"column":5}},"type":"if","locations":[{"start":{"line":80,"column":4},"end":{"line":82,"column":5}},{"start":{},"end":{}}]},"6":{"loc":{"start":{"line":84,"column":4},"end":{"line":88,"column":5}},"type":"if","locations":[{"start":{"line":84,"column":4},"end":{"line":88,"column":5}},{"start":{},"end":{}}]},"7":{"loc":{"start":{"line":84,"column":8},"end":{"line":84,"column":28}},"type":"binary-expr","locations":[{"start":{"line":84,"column":8},"end":{"line":84,"column":16}},{"start":{"line":84,"column":20},"end":{"line":84,"column":28}}]},"8":{"loc":{"start":{"line":86,"column":6},"end":{"line":86,"column":47}},"type":"if","locations":[{"start":{"line":86,"column":6},"end":{"line":86,"column":47}},{"start":{},"end":{}}]},"9":{"loc":{"start":{"line":87,"column":6},"end":{"line":87,"column":47}},"type":"if","locations":[{"start":{"line":87,"column":6},"end":{"line":87,"column":47}},{"start":{},"end":{}}]},"10":{"loc":{"start":{"line":120,"column":4},"end":{"line":122,"column":5}},"type":"if","locations":[{"start":{"line":120,"column":4},"end":{"line":122,"column":5}},{"start":{},"end":{}}]},"11":{"loc":{"start":{"line":140,"column":63},"end":{"line":140,"column":102}},"type":"default-arg","locations":[{"start":{"line":140,"column":100},"end":{"line":140,"column":102}}]},"12":{"loc":{"start":{"line":146,"column":4},"end":{"line":148,"column":5}},"type":"if","locations":[{"start":{"line":146,"column":4},"end":{"line":148,"column":5}},{"start":{},"end":{}}]},"13":{"loc":{"start":{"line":150,"column":4},"end":{"line":152,"column":5}},"type":"if","locations":[{"start":{"line":150,"column":4},"end":{"line":152,"column":5}},{"start":{},"end":{}}]},"14":{"loc":{"start":{"line":157,"column":4},"end":{"line":159,"column":5}},"type":"if","locations":[{"start":{"line":157,"column":4},"end":{"line":159,"column":5}},{"start":{},"end":{}}]},"15":{"loc":{"start":{"line":157,"column":8},"end":{"line":157,"column":35}},"type":"binary-expr","locations":[{"start":{"line":157,"column":8},"end":{"line":157,"column":14}},{"start":{"line":157,"column":18},"end":{"line":157,"column":35}}]},"16":{"loc":{"start":{"line":169,"column":4},"end":{"line":178,"column":5}},"type":"if","locations":[{"start":{"line":169,"column":4},"end":{"line":178,"column":5}},{"start":{},"end":{}}]},"17":{"loc":{"start":{"line":169,"column":8},"end":{"line":169,"column":35}},"type":"binary-expr","locations":[{"start":{"line":169,"column":8},"end":{"line":169,"column":14}},{"start":{"line":169,"column":18},"end":{"line":169,"column":35}}]},"18":{"loc":{"start":{"line":180,"column":4},"end":{"line":182,"column":5}},"type":"if","locations":[{"start":{"line":180,"column":4},"end":{"line":182,"column":5}},{"start":{},"end":{}}]},"19":{"loc":{"start":{"line":180,"column":8},"end":{"line":180,"column":57}},"type":"binary-expr","locations":[{"start":{"line":180,"column":8},"end":{"line":180,"column":26}},{"start":{"line":180,"column":30},"end":{"line":180,"column":57}}]},"20":{"loc":{"start":{"line":193,"column":4},"end":{"line":195,"column":5}},"type":"if","locations":[{"start":{"line":193,"column":4},"end":{"line":195,"column":5}},{"start":{},"end":{}}]},"21":{"loc":{"start":{"line":197,"column":4},"end":{"line":199,"column":5}},"type":"if","locations":[{"start":{"line":197,"column":4},"end":{"line":199,"column":5}},{"start":{},"end":{}}]},"22":{"loc":{"start":{"line":10,"column":29},"end":{"line":10,"column":null}},"type":"cond-expr","locations":[{"start":{"line":10,"column":42},"end":{"line":10,"column":null}},{"start":{"line":10,"column":42},"end":{"line":10,"column":null}}]},"23":{"loc":{"start":{"line":10,"column":29},"end":{"line":10,"column":42}},"type":"binary-expr","locations":[{"start":{"line":10,"column":29},"end":{"line":10,"column":null}},{"start":{"line":10,"column":29},"end":{"line":10,"column":42}}]},"24":{"loc":{"start":{"line":10,"column":42},"end":{"line":11,"column":null}},"type":"cond-expr","locations":[{"start":{"line":11,"column":45},"end":{"line":11,"column":null}},{"start":{"line":11,"column":45},"end":{"line":11,"column":null}}]},"25":{"loc":{"start":{"line":10,"column":42},"end":{"line":11,"column":45}},"type":"binary-expr","locations":[{"start":{"line":10,"column":42},"end":{"line":11,"column":null}},{"start":{"line":11,"column":34},"end":{"line":11,"column":45}}]}},"s":{"0":1,"1":1,"2":1,"3":1,"4":1,"5":1,"6":7,"7":7,"8":0,"9":7,"10":7,"11":7,"12":5,"13":7,"14":5,"15":7,"16":1,"17":1,"18":1,"19":1,"20":1,"21":1,"22":0,"23":1,"24":0,"25":0,"26":0,"27":0,"28":0,"29":1,"30":1,"31":0,"32":0,"33":0,"34":0,"35":0,"36":2,"37":2,"38":0,"39":2,"40":1,"41":1,"42":1,"43":0,"44":1,"45":1,"46":0,"47":0,"48":0,"49":1,"50":0,"51":1,"52":1,"53":1,"54":0,"55":1,"56":0,"57":1,"58":1,"59":1},"f":{"0":1,"1":7,"2":5,"3":1,"4":0,"5":0,"6":2,"7":0,"8":1},"b":{"0":[0],"1":[0,7],"2":[5,2],"3":[7,0],"4":[1,0],"5":[0,1],"6":[0,1],"7":[1,1],"8":[0,0],"9":[0,0],"10":[0,0],"11":[2],"12":[0,2],"13":[1,1],"14":[0,1],"15":[1,1],"16":[0,1],"17":[1,1],"18":[0,1],"19":[1,0],"20":[0,1],"21":[0,1],"22":[1,0],"23":[1,1],"24":[1,0],"25":[1,1]}}
,"/home/halloizzudd/Documents/PBKK/its-hungry-hub/backend/src/seller-profiles/seller-profiles.controller.ts": {"path":"/home/halloizzudd/Documents/PBKK/its-hungry-hub/backend/src/seller-profiles/seller-profiles.controller.ts","statementMap":{"0":{"start":{"line":1,"column":0},"end":{"line":1,"column":null}},"1":{"start":{"line":14,"column":0},"end":{"line":14,"column":45}},"2":{"start":{"line":15,"column":0},"end":{"line":15,"column":57}},"3":{"start":{"line":16,"column":0},"end":{"line":16,"column":60}},"4":{"start":{"line":17,"column":0},"end":{"line":17,"column":66}},"5":{"start":{"line":18,"column":0},"end":{"line":18,"column":73}},"6":{"start":{"line":19,"column":0},"end":{"line":19,"column":65}},"7":{"start":{"line":21,"column":0},"end":{"line":21,"column":37}},"8":{"start":{"line":22,"column":0},"end":{"line":22,"column":66}},"9":{"start":{"line":25,"column":21},"end":{"line":25,"column":37}},"10":{"start":{"line":28,"column":7},"end":{"line":94,"column":null}},"11":{"start":{"line":29,"column":31},"end":{"line":29,"column":54}},"12":{"start":{"line":56,"column":4},"end":{"line":56,"column":67}},"13":{"start":{"line":64,"column":4},"end":{"line":64,"column":62}},"14":{"start":{"line":71,"column":4},"end":{"line":71,"column":60}},"15":{"start":{"line":78,"column":4},"end":{"line":78,"column":54}},"16":{"start":{"line":88,"column":4},"end":{"line":92,"column":6}},"17":{"start":{"line":28,"column":13},"end":{"line":28,"column":37}},"18":{"start":{"line":50,"column":8},"end":{"line":57,"column":null}},"19":{"start":{"line":45,"column":14},"end":{"line":45,"column":65}},"20":{"start":{"line":62,"column":8},"end":{"line":65,"column":null}},"21":{"start":{"line":70,"column":8},"end":{"line":72,"column":null}},"22":{"start":{"line":77,"column":8},"end":{"line":79,"column":null}},"23":{"start":{"line":84,"column":8},"end":{"line":93,"column":null}},"24":{"start":{"line":28,"column":13},"end":{"line":94,"column":null}}},"fnMap":{"0":{"name":"(anonymous_4)","decl":{"start":{"line":29,"column":2},"end":{"line":29,"column":31}},"loc":{"start":{"line":29,"column":75},"end":{"line":29,"column":80}}},"1":{"name":"(anonymous_5)","decl":{"start":{"line":50,"column":8},"end":{"line":50,"column":14}},"loc":{"start":{"line":53,"column":73},"end":{"line":57,"column":3}}},"2":{"name":"(anonymous_6)","decl":{"start":{"line":62,"column":8},"end":{"line":62,"column":10}},"loc":{"start":{"line":62,"column":51},"end":{"line":65,"column":3}}},"3":{"name":"(anonymous_7)","decl":{"start":{"line":70,"column":8},"end":{"line":70,"column":16}},"loc":{"start":{"line":70,"column":57},"end":{"line":72,"column":3}}},"4":{"name":"(anonymous_8)","decl":{"start":{"line":77,"column":8},"end":{"line":77,"column":15}},"loc":{"start":{"line":77,"column":48},"end":{"line":79,"column":3}}},"5":{"name":"(anonymous_9)","decl":{"start":{"line":84,"column":8},"end":{"line":84,"column":14}},"loc":{"start":{"line":86,"column":53},"end":{"line":93,"column":3}}},"6":{"name":"(anonymous_10)","decl":{"start":{"line":44,"column":22},"end":{"line":44,"column":23}},"loc":{"start":{"line":45,"column":14},"end":{"line":45,"column":65}}}},"branchMap":{"0":{"loc":{"start":{"line":51,"column":17},"end":{"line":51,"column":null}},"type":"cond-expr","locations":[{"start":{"line":51,"column":39},"end":{"line":51,"column":null}},{"start":{"line":51,"column":39},"end":{"line":51,"column":null}}]},"1":{"loc":{"start":{"line":51,"column":17},"end":{"line":51,"column":39}},"type":"binary-expr","locations":[{"start":{"line":51,"column":17},"end":{"line":51,"column":null}},{"start":{"line":51,"column":17},"end":{"line":51,"column":39}}]},"2":{"loc":{"start":{"line":29,"column":54},"end":{"line":29,"column":79}},"type":"cond-expr","locations":[{"start":{"line":29,"column":75},"end":{"line":29,"column":79}},{"start":{"line":29,"column":75},"end":{"line":29,"column":79}}]},"3":{"loc":{"start":{"line":29,"column":54},"end":{"line":29,"column":75}},"type":"binary-expr","locations":[{"start":{"line":29,"column":54},"end":{"line":29,"column":79}},{"start":{"line":29,"column":54},"end":{"line":29,"column":75}}]}},"s":{"0":1,"1":1,"2":1,"3":1,"4":1,"5":1,"6":1,"7":1,"8":1,"9":1,"10":1,"11":1,"12":12,"13":1,"14":1,"15":1,"16":1,"17":1,"18":1,"19":36,"20":1,"21":1,"22":1,"23":1,"24":1},"f":{"0":1,"1":12,"2":1,"3":1,"4":1,"5":1,"6":36},"b":{"0":[1,0],"1":[1,1],"2":[1,0],"3":[1,1]}}
,"/home/halloizzudd/Documents/PBKK/its-hungry-hub/backend/src/seller-profiles/seller-profiles.service.ts": {"path":"/home/halloizzudd/Documents/PBKK/its-hungry-hub/backend/src/seller-profiles/seller-profiles.service.ts","statementMap":{"0":{"start":{"line":1,"column":0},"end":{"line":1,"column":84}},"1":{"start":{"line":2,"column":0},"end":{"line":2,"column":50}},"2":{"start":{"line":7,"column":7},"end":{"line":193,"column":null}},"3":{"start":{"line":8,"column":31},"end":{"line":8,"column":39}},"4":{"start":{"line":11,"column":18},"end":{"line":11,"column":62}},"5":{"start":{"line":12,"column":4},"end":{"line":15,"column":7}},"6":{"start":{"line":24,"column":28},"end":{"line":26,"column":6}},"7":{"start":{"line":28,"column":4},"end":{"line":51,"column":5}},"8":{"start":{"line":29,"column":6},"end":{"line":50,"column":7}},"9":{"start":{"line":31,"column":28},"end":{"line":31,"column":67}},"10":{"start":{"line":32,"column":30},"end":{"line":32,"column":71}},"11":{"start":{"line":33,"column":29},"end":{"line":33,"column":69}},"12":{"start":{"line":35,"column":8},"end":{"line":47,"column":11}},"13":{"start":{"line":49,"column":8},"end":{"line":49,"column":71}},"14":{"start":{"line":54,"column":24},"end":{"line":54,"column":63}},"15":{"start":{"line":55,"column":26},"end":{"line":55,"column":67}},"16":{"start":{"line":56,"column":25},"end":{"line":56,"column":65}},"17":{"start":{"line":59,"column":26},"end":{"line":70,"column":6}},"18":{"start":{"line":72,"column":4},"end":{"line":72,"column":25}},"19":{"start":{"line":81,"column":4},"end":{"line":87,"column":7}},"20":{"start":{"line":91,"column":19},"end":{"line":93,"column":6}},"21":{"start":{"line":95,"column":4},"end":{"line":97,"column":5}},"22":{"start":{"line":96,"column":6},"end":{"line":96,"column":62}},"23":{"start":{"line":99,"column":25},"end":{"line":105,"column":6}},"24":{"start":{"line":107,"column":24},"end":{"line":109,"column":6}},"25":{"start":{"line":111,"column":26},"end":{"line":116,"column":6}},"26":{"start":{"line":118,"column":29},"end":{"line":124,"column":6}},"27":{"start":{"line":127,"column":25},"end":{"line":127,"column":35}},"28":{"start":{"line":128,"column":4},"end":{"line":128,"column":53}},"29":{"start":{"line":130,"column":28},"end":{"line":137,"column":6}},"30":{"start":{"line":139,"column":23},"end":{"line":144,"column":16}},"31":{"start":{"line":140,"column":16},"end":{"line":140,"column":26}},"32":{"start":{"line":141,"column":6},"end":{"line":141,"column":33}},"33":{"start":{"line":142,"column":22},"end":{"line":142,"column":51}},"34":{"start":{"line":143,"column":6},"end":{"line":143,"column":42}},"35":{"start":{"line":146,"column":4},"end":{"line":152,"column":7}},"36":{"start":{"line":147,"column":22},"end":{"line":147,"column":65}},"37":{"start":{"line":148,"column":24},"end":{"line":148,"column":70}},"38":{"start":{"line":148,"column":48},"end":{"line":148,"column":69}},"39":{"start":{"line":149,"column":6},"end":{"line":151,"column":7}},"40":{"start":{"line":150,"column":8},"end":{"line":150,"column":46}},"41":{"start":{"line":155,"column":18},"end":{"line":155,"column":28}},"42":{"start":{"line":156,"column":4},"end":{"line":156,"column":31}},"43":{"start":{"line":158,"column":21},"end":{"line":158,"column":31}},"44":{"start":{"line":159,"column":4},"end":{"line":159,"column":45}},"45":{"start":{"line":161,"column":22},"end":{"line":161,"column":32}},"46":{"start":{"line":162,"column":4},"end":{"line":162,"column":49}},"47":{"start":{"line":164,"column":46},"end":{"line":168,"column":6}},"48":{"start":{"line":170,"column":4},"end":{"line":181,"column":6}},"49":{"start":{"line":189,"column":19},"end":{"line":189,"column":84}},"50":{"start":{"line":190,"column":4},"end":{"line":190,"column":73}},"51":{"start":{"line":190,"column":17},"end":{"line":190,"column":73}},"52":{"start":{"line":191,"column":4},"end":{"line":191,"column":18}},"53":{"start":{"line":7,"column":13},"end":{"line":7,"column":34}},"54":{"start":{"line":7,"column":13},"end":{"line":193,"column":null}}},"fnMap":{"0":{"name":"(anonymous_2)","decl":{"start":{"line":8,"column":2},"end":{"line":8,"column":31}},"loc":{"start":{"line":8,"column":52},"end":{"line":8,"column":57}}},"1":{"name":"(anonymous_3)","decl":{"start":{"line":10,"column":2},"end":{"line":10,"column":7}},"loc":{"start":{"line":10,"column":31},"end":{"line":16,"column":3}}},"2":{"name":"(anonymous_4)","decl":{"start":{"line":18,"column":2},"end":{"line":18,"column":7}},"loc":{"start":{"line":21,"column":14},"end":{"line":73,"column":3}}},"3":{"name":"(anonymous_5)","decl":{"start":{"line":75,"column":2},"end":{"line":75,"column":7}},"loc":{"start":{"line":78,"column":28},"end":{"line":88,"column":3}}},"4":{"name":"(anonymous_6)","decl":{"start":{"line":90,"column":2},"end":{"line":90,"column":7}},"loc":{"start":{"line":90,"column":31},"end":{"line":182,"column":3}}},"5":{"name":"(anonymous_7)","decl":{"start":{"line":139,"column":48},"end":{"line":139,"column":49}},"loc":{"start":{"line":139,"column":57},"end":{"line":144,"column":5}}},"6":{"name":"(anonymous_8)","decl":{"start":{"line":146,"column":28},"end":{"line":146,"column":33}},"loc":{"start":{"line":146,"column":36},"end":{"line":152,"column":5}}},"7":{"name":"(anonymous_9)","decl":{"start":{"line":148,"column":40},"end":{"line":148,"column":44}},"loc":{"start":{"line":148,"column":48},"end":{"line":148,"column":69}}},"8":{"name":"(anonymous_10)","decl":{"start":{"line":188,"column":2},"end":{"line":188,"column":7}},"loc":{"start":{"line":188,"column":33},"end":{"line":192,"column":3}}}},"branchMap":{"0":{"loc":{"start":{"line":11,"column":18},"end":{"line":11,"column":62}},"type":"cond-expr","locations":[{"start":{"line":11,"column":27},"end":{"line":11,"column":57}},{"start":{"line":11,"column":60},"end":{"line":11,"column":62}}]},"1":{"loc":{"start":{"line":28,"column":4},"end":{"line":51,"column":5}},"type":"if","locations":[{"start":{"line":28,"column":4},"end":{"line":51,"column":5}},{"start":{},"end":{}}]},"2":{"loc":{"start":{"line":29,"column":6},"end":{"line":50,"column":7}},"type":"if","locations":[{"start":{"line":29,"column":6},"end":{"line":50,"column":7}},{"start":{"line":48,"column":13},"end":{"line":50,"column":7}}]},"3":{"loc":{"start":{"line":85,"column":25},"end":{"line":85,"column":48}},"type":"binary-expr","locations":[{"start":{"line":85,"column":25},"end":{"line":85,"column":40}},{"start":{"line":85,"column":44},"end":{"line":85,"column":48}}]},"4":{"loc":{"start":{"line":95,"column":4},"end":{"line":97,"column":5}},"type":"if","locations":[{"start":{"line":95,"column":4},"end":{"line":97,"column":5}},{"start":{},"end":{}}]},"5":{"loc":{"start":{"line":149,"column":6},"end":{"line":151,"column":7}},"type":"if","locations":[{"start":{"line":149,"column":6},"end":{"line":151,"column":7}},{"start":{},"end":{}}]},"6":{"loc":{"start":{"line":171,"column":15},"end":{"line":171,"column":49}},"type":"binary-expr","locations":[{"start":{"line":171,"column":15},"end":{"line":171,"column":44}},{"start":{"line":171,"column":48},"end":{"line":171,"column":49}}]},"7":{"loc":{"start":{"line":177,"column":15},"end":{"line":177,"column":45}},"type":"binary-expr","locations":[{"start":{"line":177,"column":15},"end":{"line":177,"column":40}},{"start":{"line":177,"column":44},"end":{"line":177,"column":45}}]},"8":{"loc":{"start":{"line":178,"column":16},"end":{"line":178,"column":47}},"type":"binary-expr","locations":[{"start":{"line":178,"column":16},"end":{"line":178,"column":42}},{"start":{"line":178,"column":46},"end":{"line":178,"column":47}}]},"9":{"loc":{"start":{"line":179,"column":17},"end":{"line":179,"column":49}},"type":"binary-expr","locations":[{"start":{"line":179,"column":17},"end":{"line":179,"column":44}},{"start":{"line":179,"column":48},"end":{"line":179,"column":49}}]},"10":{"loc":{"start":{"line":190,"column":4},"end":{"line":190,"column":73}},"type":"if","locations":[{"start":{"line":190,"column":4},"end":{"line":190,"column":73}},{"start":{},"end":{}}]},"11":{"loc":{"start":{"line":8,"column":39},"end":{"line":8,"column":56}},"type":"cond-expr","locations":[{"start":{"line":8,"column":52},"end":{"line":8,"column":56}},{"start":{"line":8,"column":52},"end":{"line":8,"column":56}}]},"12":{"loc":{"start":{"line":8,"column":39},"end":{"line":8,"column":52}},"type":"binary-expr","locations":[{"start":{"line":8,"column":39},"end":{"line":8,"column":56}},{"start":{"line":8,"column":39},"end":{"line":8,"column":52}}]}},"s":{"0":1,"1":1,"2":1,"3":1,"4":1,"5":1,"6":12,"7":12,"8":0,"9":0,"10":0,"11":0,"12":0,"13":0,"14":12,"15":12,"16":12,"17":12,"18":12,"19":1,"20":1,"21":1,"22":0,"23":1,"24":1,"25":1,"26":1,"27":1,"28":1,"29":1,"30":1,"31":7,"32":7,"33":7,"34":7,"35":1,"36":0,"37":0,"38":0,"39":0,"40":0,"41":1,"42":1,"43":1,"44":1,"45":1,"46":1,"47":1,"48":1,"49":1,"50":1,"51":0,"52":1,"53":1,"54":1},"f":{"0":1,"1":1,"2":12,"3":1,"4":1,"5":7,"6":0,"7":0,"8":1},"b":{"0":[0,1],"1":[0,12],"2":[0,0],"3":[1,0],"4":[0,1],"5":[0,0],"6":[1,1],"7":[1,1],"8":[1,1],"9":[1,1],"10":[0,1],"11":[1,0],"12":[1,1]}}
,"/home/halloizzudd/Documents/PBKK/its-hungry-hub/backend/src/users/users.controller.ts": {"path":"/home/halloizzudd/Documents/PBKK/its-hungry-hub/backend/src/users/users.controller.ts","statementMap":{"0":{"start":{"line":1,"column":0},"end":{"line":1,"column":null}},"1":{"start":{"line":12,"column":0},"end":{"line":12,"column":45}},"2":{"start":{"line":13,"column":0},"end":{"line":13,"column":47}},"3":{"start":{"line":14,"column":0},"end":{"line":14,"column":54}},"4":{"start":{"line":15,"column":0},"end":{"line":15,"column":54}},"5":{"start":{"line":18,"column":7},"end":{"line":51,"column":null}},"6":{"start":{"line":19,"column":31},"end":{"line":19,"column":45}},"7":{"start":{"line":24,"column":4},"end":{"line":24,"column":20}},"8":{"start":{"line":29,"column":4},"end":{"line":29,"column":51}},"9":{"start":{"line":34,"column":4},"end":{"line":34,"column":39}},"10":{"start":{"line":39,"column":4},"end":{"line":39,"column":42}},"11":{"start":{"line":44,"column":4},"end":{"line":44,"column":56}},"12":{"start":{"line":49,"column":4},"end":{"line":49,"column":41}},"13":{"start":{"line":18,"column":13},"end":{"line":18,"column":28}},"14":{"start":{"line":23,"column":2},"end":{"line":25,"column":null}},"15":{"start":{"line":28,"column":2},"end":{"line":30,"column":null}},"16":{"start":{"line":33,"column":2},"end":{"line":35,"column":null}},"17":{"start":{"line":38,"column":2},"end":{"line":40,"column":null}},"18":{"start":{"line":43,"column":2},"end":{"line":45,"column":null}},"19":{"start":{"line":48,"column":2},"end":{"line":50,"column":null}},"20":{"start":{"line":18,"column":13},"end":{"line":51,"column":null}}},"fnMap":{"0":{"name":"(anonymous_4)","decl":{"start":{"line":19,"column":2},"end":{"line":19,"column":31}},"loc":{"start":{"line":19,"column":57},"end":{"line":19,"column":62}}},"1":{"name":"(anonymous_5)","decl":{"start":{"line":23,"column":2},"end":{"line":23,"column":12}},"loc":{"start":{"line":23,"column":27},"end":{"line":25,"column":3}}},"2":{"name":"(anonymous_6)","decl":{"start":{"line":28,"column":2},"end":{"line":28,"column":8}},"loc":{"start":{"line":28,"column":45},"end":{"line":30,"column":3}}},"3":{"name":"(anonymous_7)","decl":{"start":{"line":33,"column":2},"end":{"line":33,"column":9}},"loc":{"start":{"line":33,"column":9},"end":{"line":35,"column":3}}},"4":{"name":"(anonymous_8)","decl":{"start":{"line":38,"column":2},"end":{"line":38,"column":9}},"loc":{"start":{"line":38,"column":33},"end":{"line":40,"column":3}}},"5":{"name":"(anonymous_9)","decl":{"start":{"line":43,"column":2},"end":{"line":43,"column":8}},"loc":{"start":{"line":43,"column":70},"end":{"line":45,"column":3}}},"6":{"name":"(anonymous_10)","decl":{"start":{"line":48,"column":2},"end":{"line":48,"column":8}},"loc":{"start":{"line":48,"column":32},"end":{"line":50,"column":3}}}},"branchMap":{"0":{"loc":{"start":{"line":28,"column":32},"end":{"line":28,"column":null}},"type":"cond-expr","locations":[{"start":{"line":28,"column":45},"end":{"line":28,"column":null}},{"start":{"line":28,"column":45},"end":{"line":28,"column":null}}]},"1":{"loc":{"start":{"line":28,"column":32},"end":{"line":28,"column":45}},"type":"binary-expr","locations":[{"start":{"line":28,"column":32},"end":{"line":28,"column":null}},{"start":{"line":28,"column":32},"end":{"line":28,"column":45}}]},"2":{"loc":{"start":{"line":43,"column":57},"end":{"line":43,"column":null}},"type":"cond-expr","locations":[{"start":{"line":43,"column":70},"end":{"line":43,"column":null}},{"start":{"line":43,"column":70},"end":{"line":43,"column":null}}]},"3":{"loc":{"start":{"line":43,"column":57},"end":{"line":43,"column":70}},"type":"binary-expr","locations":[{"start":{"line":43,"column":57},"end":{"line":43,"column":null}},{"start":{"line":43,"column":57},"end":{"line":43,"column":70}}]},"4":{"loc":{"start":{"line":19,"column":45},"end":{"line":19,"column":61}},"type":"cond-expr","locations":[{"start":{"line":19,"column":57},"end":{"line":19,"column":61}},{"start":{"line":19,"column":57},"end":{"line":19,"column":61}}]},"5":{"loc":{"start":{"line":19,"column":45},"end":{"line":19,"column":57}},"type":"binary-expr","locations":[{"start":{"line":19,"column":45},"end":{"line":19,"column":61}},{"start":{"line":19,"column":45},"end":{"line":19,"column":57}}]}},"s":{"0":1,"1":1,"2":1,"3":1,"4":1,"5":1,"6":1,"7":1,"8":0,"9":1,"10":1,"11":1,"12":1,"13":1,"14":1,"15":1,"16":1,"17":1,"18":1,"19":1,"20":1},"f":{"0":1,"1":1,"2":0,"3":1,"4":1,"5":1,"6":1},"b":{"0":[1,0],"1":[1,1],"2":[1,0],"3":[1,1],"4":[1,0],"5":[1,1]}}
,"/home/halloizzudd/Documents/PBKK/its-hungry-hub/backend/src/users/users.service.ts": {"path":"/home/halloizzudd/Documents/PBKK/its-hungry-hub/backend/src/users/users.service.ts","statementMap":{"0":{"start":{"line":1,"column":0},"end":{"line":1,"column":44}},"1":{"start":{"line":6,"column":7},"end":{"line":26,"column":null}},"2":{"start":{"line":8,"column":4},"end":{"line":8,"column":41}},"3":{"start":{"line":12,"column":4},"end":{"line":12,"column":43}},"4":{"start":{"line":16,"column":4},"end":{"line":16,"column":47}},"5":{"start":{"line":20,"column":4},"end":{"line":20,"column":47}},"6":{"start":{"line":24,"column":4},"end":{"line":24,"column":47}},"7":{"start":{"line":6,"column":13},"end":{"line":6,"column":25}},"8":{"start":{"line":6,"column":13},"end":{"line":26,"column":null}}},"fnMap":{"0":{"name":"(anonymous_1)","decl":{"start":{"line":7,"column":2},"end":{"line":7,"column":8}},"loc":{"start":{"line":7,"column":37},"end":{"line":9,"column":3}}},"1":{"name":"(anonymous_2)","decl":{"start":{"line":11,"column":2},"end":{"line":11,"column":9}},"loc":{"start":{"line":11,"column":9},"end":{"line":13,"column":3}}},"2":{"name":"(anonymous_3)","decl":{"start":{"line":15,"column":2},"end":{"line":15,"column":9}},"loc":{"start":{"line":15,"column":20},"end":{"line":17,"column":3}}},"3":{"name":"(anonymous_4)","decl":{"start":{"line":19,"column":2},"end":{"line":19,"column":8}},"loc":{"start":{"line":19,"column":49},"end":{"line":21,"column":3}}},"4":{"name":"(anonymous_5)","decl":{"start":{"line":23,"column":2},"end":{"line":23,"column":8}},"loc":{"start":{"line":23,"column":19},"end":{"line":25,"column":3}}}},"branchMap":{},"s":{"0":1,"1":1,"2":0,"3":1,"4":1,"5":1,"6":1,"7":1,"8":1},"f":{"0":0,"1":1,"2":1,"3":1,"4":1},"b":{}}
,"/home/halloizzudd/Documents/PBKK/its-hungry-hub/backend/src/utils/file-upload.service.ts": {"path":"/home/halloizzudd/Documents/PBKK/its-hungry-hub/backend/src/utils/file-upload.service.ts","statementMap":{"0":{"start":{"line":1,"column":0},"end":{"line":1,"column":44}},"1":{"start":{"line":2,"column":0},"end":{"line":2,"column":36}},"2":{"start":{"line":3,"column":0},"end":{"line":3,"column":31}},"3":{"start":{"line":6,"column":7},"end":{"line":12,"column":null}},"4":{"start":{"line":8,"column":24},"end":{"line":8,"column":50}},"5":{"start":{"line":9,"column":21},"end":{"line":9,"column":48}},"6":{"start":{"line":10,"column":4},"end":{"line":10,"column":29}},"7":{"start":{"line":6,"column":13},"end":{"line":6,"column":30}},"8":{"start":{"line":6,"column":13},"end":{"line":12,"column":null}}},"fnMap":{"0":{"name":"(anonymous_1)","decl":{"start":{"line":7,"column":2},"end":{"line":7,"column":8}},"loc":{"start":{"line":7,"column":41},"end":{"line":11,"column":3}}}},"branchMap":{},"s":{"0":1,"1":1,"2":1,"3":1,"4":37,"5":37,"6":37,"7":1,"8":1},"f":{"0":37},"b":{}}
}
