TN:
SF:src/app.controller.ts
FN:6,(anonymous_2)
FN:9,(anonymous_3)
FNF:2
FNH:2
FNDA:1,(anonymous_2)
FNDA:1,(anonymous_3)
DA:1,1
DA:2,1
DA:5,1
DA:6,1
DA:9,1
DA:10,1
LF:6
LH:6
BRDA:6,0,0,1
BRDA:6,0,1,0
BRDA:6,1,0,1
BRDA:6,1,1,1
BRF:4
BRH:3
end_of_record
TN:
SF:src/app.service.ts
FN:5,(anonymous_1)
FNF:1
FNH:1
FNDA:1,(anonymous_1)
DA:1,1
DA:4,1
DA:6,1
LF:3
LH:3
BRF:0
BRH:0
end_of_record
TN:
SF:src/auth/auth.controller.ts
FN:8,(anonymous_4)
FN:11,(anonymous_5)
FN:17,(anonymous_6)
FNF:3
FNH:3
FNDA:1,(anonymous_4)
FNDA:26,(anonymous_5)
FNDA:27,(anonymous_6)
DA:1,1
DA:2,1
DA:3,1
DA:4,1
DA:7,1
DA:8,1
DA:11,1
DA:12,26
DA:17,1
DA:18,27
DA:19,27
DA:20,0
DA:22,27
LF:13
LH:12
BRDA:19,0,0,0
BRDA:19,0,1,27
BRDA:11,1,0,1
BRDA:11,1,1,0
BRDA:11,2,0,1
BRDA:11,2,1,1
BRDA:17,3,0,1
BRDA:17,3,1,0
BRDA:17,4,0,1
BRDA:17,4,1,1
BRDA:8,5,0,1
BRDA:8,5,1,0
BRDA:8,6,0,1
BRDA:8,6,1,1
BRF:14
BRH:10
end_of_record
TN:
SF:src/auth/auth.service.ts
FN:10,(anonymous_11)
FN:16,(anonymous_12)
FN:48,(anonymous_13)
FN:61,(anonymous_14)
FNF:4
FNH:4
FNDA:1,(anonymous_11)
FNDA:26,(anonymous_12)
FNDA:27,(anonymous_13)
FNDA:27,(anonymous_14)
DA:1,1
DA:2,1
DA:3,1
DA:4,1
DA:6,1
DA:9,1
DA:11,1
DA:12,1
DA:13,1
DA:18,26
DA:21,26
DA:22,0
DA:26,26
DA:29,26
DA:39,26
DA:42,26
DA:50,27
DA:55,27
DA:56,0
DA:58,27
DA:63,27
DA:65,27
DA:66,15
DA:69,15
DA:72,27
DA:80,27
LF:26
LH:24
BRDA:21,0,0,0
BRDA:21,0,1,26
BRDA:34,1,0,26
BRDA:34,1,1,0
BRDA:55,2,0,0
BRDA:55,2,1,27
BRDA:55,3,0,27
BRDA:55,3,1,27
BRDA:65,4,0,15
BRDA:65,4,1,12
BRDA:69,5,0,15
BRDA:69,5,1,13
BRDA:11,6,0,1
BRDA:11,6,1,0
BRDA:11,7,0,1
BRDA:11,7,1,1
BRDA:11,8,0,1
BRDA:11,8,1,0
BRDA:11,9,0,1
BRDA:11,9,1,1
BRDA:12,10,0,1
BRDA:12,10,1,0
BRDA:12,11,0,1
BRDA:12,11,1,1
BRF:24
BRH:18
end_of_record
TN:
SF:src/auth/decorators/roles.decorator.ts
FN:3,(anonymous_0)
FNF:1
FNH:1
FNDA:9,(anonymous_0)
DA:1,1
DA:3,9
LF:2
LH:2
BRF:0
BRH:0
end_of_record
TN:
SF:src/auth/guards/roles.guard.ts
FN:13,(anonymous_2)
FN:15,(anonymous_3)
FNF:2
FNH:2
FNDA:2,(anonymous_2)
FNDA:26,(anonymous_3)
DA:1,1
DA:9,1
DA:12,1
DA:13,2
DA:16,26
DA:20,26
DA:21,0
DA:24,26
DA:25,26
DA:27,26
DA:28,0
DA:31,26
DA:32,0
DA:35,26
LF:14
LH:11
BRDA:20,0,0,0
BRDA:20,0,1,26
BRDA:27,1,0,0
BRDA:27,1,1,26
BRDA:31,2,0,0
BRDA:31,2,1,26
BRDA:13,3,0,1
BRDA:13,3,1,0
BRDA:13,4,0,1
BRDA:13,4,1,1
BRF:10
BRH:6
end_of_record
TN:
SF:src/auth/strategies/jwt.strategy.ts
FN:9,(anonymous_2)
FN:17,(anonymous_3)
FNF:2
FNH:2
FNDA:1,(anonymous_2)
FNDA:30,(anonymous_3)
DA:1,1
DA:2,1
DA:3,1
DA:5,1
DA:8,1
DA:9,1
DA:10,1
DA:18,30
DA:21,30
DA:22,30
DA:23,30
DA:25,0
LF:12
LH:11
BRDA:21,0,0,30
BRDA:21,0,1,0
BRDA:9,1,0,1
BRDA:9,1,1,0
BRDA:9,2,0,1
BRDA:9,2,1,1
BRF:6
BRH:4
end_of_record
TN:
SF:src/mail/mail.service.ts
FN:10,(anonymous_11)
FN:22,(anonymous_12)
FN:35,(anonymous_13)
FN:47,(anonymous_14)
FN:56,(anonymous_15)
FN:67,(anonymous_16)
FN:79,(anonymous_17)
FN:95,(anonymous_18)
FNF:8
FNH:6
FNDA:1,(anonymous_11)
FNDA:2,(anonymous_12)
FNDA:2,(anonymous_13)
FNDA:0,(anonymous_14)
FNDA:2,(anonymous_15)
FNDA:26,(anonymous_16)
FNDA:0,(anonymous_17)
FNDA:32,(anonymous_18)
DA:1,1
DA:2,1
DA:3,1
DA:6,1
DA:8,1
DA:10,1
DA:11,1
DA:23,2
DA:24,2
DA:25,2
DA:32,2
DA:36,2
DA:37,2
DA:38,2
DA:44,2
DA:48,0
DA:49,0
DA:53,0
DA:57,2
DA:58,2
DA:64,2
DA:68,26
DA:69,26
DA:76,26
DA:80,0
DA:81,0
DA:92,0
DA:96,32
DA:97,32
DA:104,32
DA:105,22
DA:107,0
LF:32
LH:25
BRDA:10,0,0,1
BRDA:10,0,1,0
BRDA:10,1,0,1
BRDA:10,1,1,1
BRF:4
BRH:3
end_of_record
TN:
SF:src/orders/orders.controller.ts
FN:24,(anonymous_4)
FN:28,(anonymous_5)
FN:34,(anonymous_6)
FN:39,(anonymous_7)
FN:44,(anonymous_8)
FN:49,(anonymous_9)
FN:63,(anonymous_10)
FNF:7
FNH:3
FNDA:1,(anonymous_4)
FNDA:2,(anonymous_5)
FNDA:0,(anonymous_6)
FNDA:0,(anonymous_7)
FNDA:0,(anonymous_8)
FNDA:0,(anonymous_9)
FNDA:1,(anonymous_10)
DA:1,1
DA:14,1
DA:15,1
DA:16,1
DA:17,1
DA:18,1
DA:19,1
DA:20,1
DA:23,1
DA:24,1
DA:28,1
DA:29,2
DA:34,1
DA:35,0
DA:39,1
DA:40,0
DA:44,1
DA:45,0
DA:49,1
DA:50,0
DA:63,1
DA:67,1
DA:68,1
LF:23
LH:19
BRDA:67,0,0,0
BRDA:67,0,1,1
BRDA:28,1,0,1
BRDA:28,1,1,0
BRDA:28,2,0,1
BRDA:28,2,1,1
BRDA:44,3,0,1
BRDA:44,3,1,0
BRDA:44,4,0,1
BRDA:44,4,1,1
BRDA:65,5,0,0
BRDA:65,5,1,1
BRDA:65,6,0,1
BRDA:65,6,1,0
BRDA:65,6,2,0
BRDA:24,7,0,1
BRDA:24,7,1,0
BRDA:24,8,0,1
BRDA:24,8,1,1
BRF:19
BRH:12
end_of_record
TN:
SF:src/orders/orders.service.ts
FN:12,(anonymous_2)
FN:17,(anonymous_3)
FN:21,(anonymous_4)
FN:34,(anonymous_5)
FN:35,(anonymous_6)
FN:118,(anonymous_7)
FN:129,(anonymous_8)
FN:167,(anonymous_9)
FN:178,(anonymous_10)
FN:193,(anonymous_11)
FNF:10
FNH:6
FNDA:1,(anonymous_2)
FNDA:2,(anonymous_3)
FNDA:2,(anonymous_4)
FNDA:2,(anonymous_5)
FNDA:2,(anonymous_6)
FNDA:1,(anonymous_7)
FNDA:0,(anonymous_8)
FNDA:0,(anonymous_9)
FNDA:0,(anonymous_10)
FNDA:0,(anonymous_11)
DA:1,1
DA:4,1
DA:6,1
DA:9,1
DA:10,1
DA:13,1
DA:14,1
DA:18,2
DA:21,2
DA:22,2
DA:26,2
DA:27,0
DA:31,2
DA:32,2
DA:34,2
DA:35,2
DA:37,2
DA:38,0
DA:41,2
DA:42,2
DA:43,2
DA:45,2
DA:54,2
DA:63,2
DA:64,2
DA:67,2
DA:68,0
DA:72,2
DA:75,2
DA:95,2
DA:96,2
DA:101,2
DA:102,2
DA:107,2
DA:108,2
DA:111,2
DA:112,2
DA:115,2
DA:119,1
DA:120,1
DA:130,0
DA:131,0
DA:135,0
DA:136,0
DA:139,0
DA:152,0
DA:168,0
DA:179,0
DA:186,0
DA:187,0
DA:190,0
DA:194,0
LF:52
LH:37
BRDA:26,0,0,0
BRDA:26,0,1,2
BRDA:37,1,0,0
BRDA:37,1,1,2
BRDA:67,2,0,0
BRDA:67,2,1,2
BRDA:67,3,0,2
BRDA:67,3,1,0
BRDA:67,3,2,0
BRDA:101,4,0,2
BRDA:101,4,1,0
BRDA:101,5,0,2
BRDA:101,5,1,2
BRDA:107,6,0,2
BRDA:107,6,1,0
BRDA:107,7,0,2
BRDA:107,7,1,2
BRDA:111,8,0,2
BRDA:111,8,1,0
BRDA:130,9,0,0
BRDA:130,9,1,0
BRDA:135,10,0,0
BRDA:135,10,1,0
BRDA:186,11,0,0
BRDA:186,11,1,0
BRDA:186,12,0,0
BRDA:186,12,1,0
BRDA:186,12,2,0
BRDA:13,13,0,1
BRDA:13,13,1,0
BRDA:13,14,0,1
BRDA:13,14,1,1
BRDA:13,15,0,1
BRDA:13,15,1,0
BRDA:13,16,0,1
BRDA:13,16,1,1
BRF:36
BRH:17
end_of_record
TN:
SF:src/products/products.controller.ts
FN:29,(anonymous_4)
FN:45,(anonymous_5)
FN:54,(anonymous_6)
FN:75,(anonymous_7)
FN:79,(anonymous_8)
FN:97,(anonymous_9)
FN:109,(anonymous_10)
FN:38,(anonymous_11)
FN:90,(anonymous_12)
FNF:9
FNH:6
FNDA:1,(anonymous_4)
FNDA:7,(anonymous_5)
FNDA:1,(anonymous_6)
FNDA:0,(anonymous_7)
FNDA:0,(anonymous_8)
FNDA:2,(anonymous_9)
FNDA:1,(anonymous_10)
FNDA:5,(anonymous_11)
FNDA:0,(anonymous_12)
DA:1,1
DA:15,1
DA:16,1
DA:17,1
DA:18,1
DA:19,1
DA:20,1
DA:21,1
DA:22,1
DA:23,1
DA:25,1
DA:28,1
DA:29,1
DA:39,5
DA:40,5
DA:45,1
DA:50,7
DA:54,1
DA:62,1
DA:75,1
DA:76,0
DA:79,1
DA:80,0
DA:91,0
DA:92,0
DA:97,1
DA:103,2
DA:109,1
DA:110,1
LF:29
LH:25
BRDA:65,0,0,0
BRDA:65,0,1,1
BRDA:66,1,0,0
BRDA:66,1,1,1
BRDA:67,2,0,0
BRDA:67,2,1,1
BRDA:68,3,0,0
BRDA:68,3,1,1
BRDA:46,4,0,1
BRDA:46,4,1,0
BRDA:46,5,0,1
BRDA:46,5,1,1
BRDA:46,6,0,1
BRDA:46,6,1,0
BRDA:46,7,0,1
BRDA:46,7,1,1
BRDA:99,8,0,1
BRDA:99,8,1,0
BRDA:99,9,0,1
BRDA:99,9,1,1
BRDA:99,10,0,1
BRDA:99,10,1,0
BRDA:99,11,0,1
BRDA:99,11,1,1
BRDA:29,12,0,1
BRDA:29,12,1,0
BRDA:29,13,0,1
BRDA:29,13,1,1
BRF:28
BRH:19
end_of_record
TN:
SF:src/products/products.service.ts
FN:9,(anonymous_2)
FN:14,(anonymous_3)
FN:34,(anonymous_4)
FN:59,(anonymous_5)
FN:115,(anonymous_6)
FN:133,(anonymous_7)
FN:140,(anonymous_8)
FN:170,(anonymous_9)
FN:187,(anonymous_10)
FNF:9
FNH:6
FNDA:1,(anonymous_2)
FNDA:7,(anonymous_3)
FNDA:5,(anonymous_4)
FNDA:1,(anonymous_5)
FNDA:0,(anonymous_6)
FNDA:0,(anonymous_7)
FNDA:2,(anonymous_8)
FNDA:0,(anonymous_9)
FNDA:1,(anonymous_10)
DA:1,1
DA:4,1
DA:5,1
DA:8,1
DA:10,1
DA:11,1
DA:16,7
DA:20,7
DA:21,0
DA:25,7
DA:29,7
DA:30,7
DA:31,5
DA:34,7
DA:38,7
DA:67,1
DA:68,1
DA:70,1
DA:72,1
DA:73,1
DA:80,1
DA:81,0
DA:84,1
DA:85,0
DA:86,0
DA:87,0
DA:90,1
DA:104,1
DA:116,0
DA:120,0
DA:121,0
DA:124,0
DA:134,0
DA:141,2
DA:146,2
DA:147,0
DA:150,2
DA:151,1
DA:154,1
DA:157,1
DA:158,0
DA:161,1
DA:169,1
DA:170,0
DA:175,0
DA:180,1
DA:181,0
DA:184,1
DA:188,1
DA:193,1
DA:194,0
DA:197,1
DA:198,0
DA:201,1
LF:54
LH:37
BRDA:14,0,0,0
BRDA:20,1,0,0
BRDA:20,1,1,7
BRDA:30,2,0,5
BRDA:30,2,1,2
BRDA:46,3,0,7
BRDA:46,3,1,0
BRDA:72,4,0,1
BRDA:72,4,1,0
BRDA:80,5,0,0
BRDA:80,5,1,1
BRDA:84,6,0,0
BRDA:84,6,1,1
BRDA:84,7,0,1
BRDA:84,7,1,1
BRDA:86,8,0,0
BRDA:86,8,1,0
BRDA:87,9,0,0
BRDA:87,9,1,0
BRDA:120,10,0,0
BRDA:120,10,1,0
BRDA:140,11,0,2
BRDA:146,12,0,0
BRDA:146,12,1,2
BRDA:150,13,0,1
BRDA:150,13,1,1
BRDA:157,14,0,0
BRDA:157,14,1,1
BRDA:157,15,0,1
BRDA:157,15,1,1
BRDA:169,16,0,0
BRDA:169,16,1,1
BRDA:169,17,0,1
BRDA:169,17,1,1
BRDA:180,18,0,0
BRDA:180,18,1,1
BRDA:180,19,0,1
BRDA:180,19,1,0
BRDA:193,20,0,0
BRDA:193,20,1,1
BRDA:197,21,0,0
BRDA:197,21,1,1
BRDA:10,22,0,1
BRDA:10,22,1,0
BRDA:10,23,0,1
BRDA:10,23,1,1
BRDA:10,24,0,1
BRDA:10,24,1,0
BRDA:10,25,0,1
BRDA:10,25,1,1
BRF:50
BRH:29
end_of_record
TN:
SF:src/seller-profiles/seller-profiles.controller.ts
FN:29,(anonymous_4)
FN:50,(anonymous_5)
FN:62,(anonymous_6)
FN:70,(anonymous_7)
FN:77,(anonymous_8)
FN:84,(anonymous_9)
FN:44,(anonymous_10)
FNF:7
FNH:7
FNDA:1,(anonymous_4)
FNDA:12,(anonymous_5)
FNDA:1,(anonymous_6)
FNDA:1,(anonymous_7)
FNDA:1,(anonymous_8)
FNDA:1,(anonymous_9)
FNDA:36,(anonymous_10)
DA:1,1
DA:14,1
DA:15,1
DA:16,1
DA:17,1
DA:18,1
DA:19,1
DA:21,1
DA:22,1
DA:25,1
DA:28,1
DA:29,1
DA:45,36
DA:50,1
DA:56,12
DA:62,1
DA:64,1
DA:70,1
DA:71,1
DA:77,1
DA:78,1
DA:84,1
DA:88,1
LF:23
LH:23
BRDA:51,0,0,1
BRDA:51,0,1,0
BRDA:51,1,0,1
BRDA:51,1,1,1
BRDA:29,2,0,1
BRDA:29,2,1,0
BRDA:29,3,0,1
BRDA:29,3,1,1
BRF:8
BRH:6
end_of_record
TN:
SF:src/seller-profiles/seller-profiles.service.ts
FN:8,(anonymous_2)
FN:10,(anonymous_3)
FN:18,(anonymous_4)
FN:75,(anonymous_5)
FN:90,(anonymous_6)
FN:139,(anonymous_7)
FN:146,(anonymous_8)
FN:148,(anonymous_9)
FN:188,(anonymous_10)
FNF:9
FNH:7
FNDA:1,(anonymous_2)
FNDA:1,(anonymous_3)
FNDA:12,(anonymous_4)
FNDA:1,(anonymous_5)
FNDA:1,(anonymous_6)
FNDA:7,(anonymous_7)
FNDA:0,(anonymous_8)
FNDA:0,(anonymous_9)
FNDA:1,(anonymous_10)
DA:1,1
DA:2,1
DA:7,1
DA:8,1
DA:11,1
DA:12,1
DA:24,12
DA:28,12
DA:29,0
DA:31,0
DA:32,0
DA:33,0
DA:35,0
DA:49,0
DA:54,12
DA:55,12
DA:56,12
DA:59,12
DA:72,12
DA:81,1
DA:91,1
DA:95,1
DA:96,0
DA:99,1
DA:107,1
DA:111,1
DA:118,1
DA:127,1
DA:128,1
DA:130,1
DA:139,1
DA:140,7
DA:141,7
DA:142,7
DA:143,7
DA:146,1
DA:147,0
DA:148,0
DA:149,0
DA:150,0
DA:155,1
DA:156,1
DA:158,1
DA:159,1
DA:161,1
DA:162,1
DA:164,1
DA:170,1
DA:189,1
DA:190,1
DA:191,1
LF:51
LH:40
BRDA:11,0,0,0
BRDA:11,0,1,1
BRDA:28,1,0,0
BRDA:28,1,1,12
BRDA:29,2,0,0
BRDA:29,2,1,0
BRDA:85,3,0,1
BRDA:85,3,1,0
BRDA:95,4,0,0
BRDA:95,4,1,1
BRDA:149,5,0,0
BRDA:149,5,1,0
BRDA:171,6,0,1
BRDA:171,6,1,1
BRDA:177,7,0,1
BRDA:177,7,1,1
BRDA:178,8,0,1
BRDA:178,8,1,1
BRDA:179,9,0,1
BRDA:179,9,1,1
BRDA:190,10,0,0
BRDA:190,10,1,1
BRDA:8,11,0,1
BRDA:8,11,1,0
BRDA:8,12,0,1
BRDA:8,12,1,1
BRF:26
BRH:16
end_of_record
TN:
SF:src/users/users.controller.ts
FN:19,(anonymous_4)
FN:23,(anonymous_5)
FN:28,(anonymous_6)
FN:33,(anonymous_7)
FN:38,(anonymous_8)
FN:43,(anonymous_9)
FN:48,(anonymous_10)
FNF:7
FNH:6
FNDA:1,(anonymous_4)
FNDA:1,(anonymous_5)
FNDA:0,(anonymous_6)
FNDA:1,(anonymous_7)
FNDA:1,(anonymous_8)
FNDA:1,(anonymous_9)
FNDA:1,(anonymous_10)
DA:1,1
DA:12,1
DA:13,1
DA:14,1
DA:15,1
DA:18,1
DA:19,1
DA:23,1
DA:24,1
DA:28,1
DA:29,0
DA:33,1
DA:34,1
DA:38,1
DA:39,1
DA:43,1
DA:44,1
DA:48,1
DA:49,1
LF:19
LH:18
BRDA:28,0,0,1
BRDA:28,0,1,0
BRDA:28,1,0,1
BRDA:28,1,1,1
BRDA:43,2,0,1
BRDA:43,2,1,0
BRDA:43,3,0,1
BRDA:43,3,1,1
BRDA:19,4,0,1
BRDA:19,4,1,0
BRDA:19,5,0,1
BRDA:19,5,1,1
BRF:12
BRH:9
end_of_record
TN:
SF:src/users/users.service.ts
FN:7,(anonymous_1)
FN:11,(anonymous_2)
FN:15,(anonymous_3)
FN:19,(anonymous_4)
FN:23,(anonymous_5)
FNF:5
FNH:4
FNDA:0,(anonymous_1)
FNDA:1,(anonymous_2)
FNDA:1,(anonymous_3)
FNDA:1,(anonymous_4)
FNDA:1,(anonymous_5)
DA:1,1
DA:6,1
DA:8,0
DA:12,1
DA:16,1
DA:20,1
DA:24,1
LF:7
LH:6
BRF:0
BRH:0
end_of_record
TN:
SF:src/utils/file-upload.service.ts
FN:7,(anonymous_1)
FNF:1
FNH:1
FNDA:37,(anonymous_1)
DA:1,1
DA:2,1
DA:3,1
DA:6,1
DA:8,37
DA:9,37
DA:10,37
LF:7
LH:7
BRF:0
BRH:0
end_of_record
